2023-09-06 00:13:48.010 WARN  c.alibaba.nacos.common.http.HttpClientBeanHolder  :102  [32m                  [0;39m [HttpClientBeanHolder] Start destroying common HttpClient
2023-09-06 00:13:48.010 WARN  com.alibaba.nacos.common.notify.NotifyCenter      :136  [32m                  [0;39m [NotifyCenter] Start destroying Publisher
2023-09-06 00:13:48.011 WARN  com.alibaba.nacos.common.notify.NotifyCenter      :153  [32m                  [0;39m [NotifyCenter] Destruction of the end
2023-09-06 00:13:48.012 WARN  c.alibaba.nacos.common.http.HttpClientBeanHolder  :111  [32m                  [0;39m [HttpClientBeanHolder] Destruction of the end
2023-09-06 00:13:48.023 INFO  c.a.cloud.nacos.registry.NacosServiceRegistry     :95   [32m                  [0;39m De-registering from Nacos Server now...
2023-09-06 00:13:48.023 INFO  com.alibaba.nacos.client.naming                   :216  [32m                  [0;39m [DEREGISTER-SERVICE] public deregistering service batch with instance: Instance{instanceId='null', ip='169.254.153.93', port=8003, weight=1.0, healthy=true, enabled=true, ephemeral=true, clusterName='DEFAULT', serviceName='null', metadata={}}
2023-09-06 00:13:48.264 INFO  c.a.cloud.nacos.registry.NacosServiceRegistry     :115  [32m                  [0;39m De-registration finished.
2023-09-06 00:13:48.264 INFO  com.alibaba.nacos.client.naming                   :256  [32m                  [0;39m com.alibaba.nacos.client.naming.cache.ServiceInfoHolder do shutdown begin
2023-09-06 00:13:48.264 INFO  com.alibaba.nacos.client.naming                   :133  [32m                  [0;39m com.alibaba.nacos.client.naming.backups.FailoverReactor do shutdown begin
2023-09-06 00:13:48.265 INFO  com.alibaba.nacos.client.naming                   :135  [32m                  [0;39m com.alibaba.nacos.client.naming.backups.FailoverReactor do shutdown stop
2023-09-06 00:13:48.265 INFO  com.alibaba.nacos.client.naming                   :258  [32m                  [0;39m com.alibaba.nacos.client.naming.cache.ServiceInfoHolder do shutdown stop
2023-09-06 00:13:48.265 INFO  com.alibaba.nacos.client.naming                   :204  [32m                  [0;39m com.alibaba.nacos.client.naming.remote.NamingClientProxyDelegate do shutdown begin
2023-09-06 00:13:48.265 INFO  com.alibaba.nacos.client.naming                   :143  [32m                  [0;39m com.alibaba.nacos.client.naming.core.ServiceInfoUpdateService do shutdown begin
2023-09-06 00:13:48.265 INFO  com.alibaba.nacos.client.naming                   :145  [32m                  [0;39m com.alibaba.nacos.client.naming.core.ServiceInfoUpdateService do shutdown stop
2023-09-06 00:13:48.265 INFO  com.alibaba.nacos.client.naming                   :194  [32m                  [0;39m com.alibaba.nacos.client.naming.core.ServerListManager do shutdown begin
2023-09-06 00:13:48.265 WARN  com.alibaba.nacos.client.naming                   :74   [32m                  [0;39m [NamingHttpClientManager] Start destroying NacosRestTemplate
2023-09-06 00:13:48.265 WARN  com.alibaba.nacos.client.naming                   :81   [32m                  [0;39m [NamingHttpClientManager] Destruction of the end
2023-09-06 00:13:48.265 INFO  com.alibaba.nacos.client.naming                   :199  [32m                  [0;39m com.alibaba.nacos.client.naming.core.ServerListManager do shutdown stop
2023-09-06 00:13:48.265 INFO  com.alibaba.nacos.client.naming                   :484  [32m                  [0;39m com.alibaba.nacos.client.naming.remote.http.NamingHttpClientProxy do shutdown begin
2023-09-06 00:13:48.265 WARN  com.alibaba.nacos.client.naming                   :74   [32m                  [0;39m [NamingHttpClientManager] Start destroying NacosRestTemplate
2023-09-06 00:13:48.265 WARN  com.alibaba.nacos.client.naming                   :81   [32m                  [0;39m [NamingHttpClientManager] Destruction of the end
2023-09-06 00:13:48.265 INFO  com.alibaba.nacos.client.naming                   :486  [32m                  [0;39m com.alibaba.nacos.client.naming.remote.http.NamingHttpClientProxy do shutdown stop
2023-09-06 00:13:48.266 INFO  com.alibaba.nacos.common.remote.client            :425  [32m                  [0;39m Shutdown rpc client, set status to shutdown
2023-09-06 00:13:48.266 INFO  com.alibaba.nacos.common.remote.client            :427  [32m                  [0;39m Shutdown client event executor java.util.concurrent.ScheduledThreadPoolExecutor@1ac1aaf6[Running, pool size = 2, active threads = 2, queued tasks = 0, completed tasks = 0]
2023-09-06 00:13:48.266 INFO  com.alibaba.nacos.common.remote.client            :580  [32m                  [0;39m Close current connection 1693928432337_119.143.16.48_65434
2023-09-06 00:13:48.266 INFO  c.a.nacos.common.remote.client.grpc.GrpcClient    :140  [32m                  [0;39m Shutdown grpc executor java.util.concurrent.ThreadPoolExecutor@1fc76ebb[Running, pool size = 3, active threads = 0, queued tasks = 0, completed tasks = 405]
2023-09-06 00:13:48.266 INFO  com.alibaba.nacos.client.naming                   :292  [32m                  [0;39m Shutdown grpc redo service executor java.util.concurrent.ScheduledThreadPoolExecutor@14b7cd53[Running, pool size = 1, active threads = 0, queued tasks = 1, completed tasks = 666]
2023-09-06 00:13:48.266 INFO  c.a.n.client.auth.ram.identify.CredentialWatcher  :106  [32m                  [0;39m [null] CredentialWatcher is stopped
2023-09-06 00:13:48.266 INFO  c.a.n.client.auth.ram.identify.CredentialService  :100  [32m                  [0;39m [null] CredentialService is freed
2023-09-06 00:13:48.266 INFO  com.alibaba.nacos.client.naming                   :211  [32m                  [0;39m com.alibaba.nacos.client.naming.remote.NamingClientProxyDelegate do shutdown stop
2023-09-06 00:13:48.267 INFO  o.s.scheduling.quartz.SchedulerFactoryBean        :847  [32m                  [0;39m Shutting down Quartz Scheduler
2023-09-06 00:13:48.267 INFO  org.quartz.core.QuartzScheduler                   :666  [32m                  [0;39m Scheduler schedulerFactoryBean_$_NON_CLUSTERED shutting down.
2023-09-06 00:13:48.267 INFO  org.quartz.core.QuartzScheduler                   :585  [32m                  [0;39m Scheduler schedulerFactoryBean_$_NON_CLUSTERED paused.
2023-09-06 00:13:48.267 INFO  org.quartz.core.QuartzScheduler                   :740  [32m                  [0;39m Scheduler schedulerFactoryBean_$_NON_CLUSTERED shutdown complete.
