2023-09-18 14:27:12.180 INFO  com.alibaba.nacos.client.env.SearchableProperties :197  [32m                  [0;39m properties search order:PROPERTIES->JVM->ENV->DEFAULT_SETTING
2023-09-18 14:27:12.186 WARN  com.alibaba.nacos.client.logging.NacosLogging     :64   [32m                  [0;39m Load Logback Configuration of Nacos fail, message: org/slf4j/impl/StaticLoggerBinder
2023-09-18 14:27:12.188 WARN  com.alibaba.nacos.client.logging.NacosLogging     :64   [32m                  [0;39m Load Logback Configuration of Nacos fail, message: org/slf4j/impl/StaticLoggerBinder
2023-09-18 14:27:12.207 INFO  org.hibernate.validator.internal.util.Version     :21   [32m                  [0;39m HV000001: Hibernate Validator 8.0.0.Final
2023-09-18 14:27:12.335 INFO  o.s.b.d.env.DevToolsPropertyDefaultsPostProcessor :250  [32m                  [0;39m Devtools property defaults active! Set 'spring.devtools.add-properties' to 'false' to disable
2023-09-18 14:27:12.707 WARN  com.alibaba.nacos.client.logging.NacosLogging     :64   [32m                  [0;39m Load Logback Configuration of Nacos fail, message: org/slf4j/impl/StaticLoggerBinder
2023-09-18 14:27:12.708 INFO  com.alibaba.nacos.client.env.SearchableProperties :197  [32m                  [0;39m properties search order:PROPERTIES->JVM->ENV->DEFAULT_SETTING
2023-09-18 14:27:12.710 INFO  com.alibaba.nacos.client.utils.ParamUtil          :87   [32m                  [0;39m [settings] [req-serv] nacos-server port:8848
2023-09-18 14:27:12.711 INFO  com.alibaba.nacos.client.utils.ParamUtil          :98   [32m                  [0;39m [settings] [http-client] connect timeout:1000
2023-09-18 14:27:12.713 INFO  com.alibaba.nacos.client.utils.ParamUtil          :105  [32m                  [0;39m PER_TASK_CONFIG_SIZE: 3000.0
2023-09-18 14:27:12.777 INFO  c.a.n.p.auth.spi.client.ClientAuthPluginManager   :56   [32m                  [0;39m [ClientAuthPluginManager] Load ClientAuthService com.alibaba.nacos.client.auth.impl.NacosClientAuthServiceImpl success.
2023-09-18 14:27:12.778 INFO  c.a.n.p.auth.spi.client.ClientAuthPluginManager   :56   [32m                  [0;39m [ClientAuthPluginManager] Load ClientAuthService com.alibaba.nacos.client.auth.ram.RamClientAuthServiceImpl success.
2023-09-18 14:27:12.783 INFO  c.a.n.client.auth.ram.identify.CredentialWatcher  :165  [32m                  [0;39m null No credential found
2023-09-18 14:27:14.232 WARN  com.alibaba.nacos.client.logging.NacosLogging     :64   [32m                  [0;39m Load Logback Configuration of Nacos fail, message: org/slf4j/impl/StaticLoggerBinder
2023-09-18 14:27:14.232 WARN  com.alibaba.nacos.client.logging.NacosLogging     :64   [32m                  [0;39m Load Logback Configuration of Nacos fail, message: org/slf4j/impl/StaticLoggerBinder
2023-09-18 14:27:14.252 INFO  c.a.n.client.config.impl.LocalConfigInfoProcessor :68   [32m                  [0;39m LOCAL_SNAPSHOT_PATH:C:\Users\Administrator\nacos\config
2023-09-18 14:27:14.256 INFO  com.alibaba.nacos.common.remote.client            :94   [32m                  [0;39m [RpcClientFactory] create a new rpc client of ae669314-2118-416c-8928-a45fe0049d6d_config-0
2023-09-18 14:27:14.279 INFO  com.alibaba.nacos.common.remote.client            :60   [32m                  [0;39m [ae669314-2118-416c-8928-a45fe0049d6d_config-0] Register server push request handler:com.alibaba.nacos.client.config.impl.ClientWorker$ConfigRpcTransportClient$$Lambda$597/0x0000000800f78248
2023-09-18 14:27:14.279 INFO  com.alibaba.nacos.common.remote.client            :60   [32m                  [0;39m [ae669314-2118-416c-8928-a45fe0049d6d_config-0] Register server push request handler:com.alibaba.nacos.client.config.impl.ClientWorker$ConfigRpcTransportClient$$Lambda$598/0x0000000800f78668
2023-09-18 14:27:14.280 INFO  com.alibaba.nacos.common.remote.client            :60   [32m                  [0;39m [ae669314-2118-416c-8928-a45fe0049d6d_config-0] Registry connection listener to current client:com.alibaba.nacos.client.config.impl.ClientWorker$ConfigRpcTransportClient$1
2023-09-18 14:27:14.281 INFO  com.alibaba.nacos.common.remote.client            :60   [32m                  [0;39m [ae669314-2118-416c-8928-a45fe0049d6d_config-0] RpcClient init, ServerListFactory = com.alibaba.nacos.client.config.impl.ClientWorker$ConfigRpcTransportClient$2
2023-09-18 14:27:14.288 INFO  com.alibaba.nacos.common.remote.client            :60   [32m                  [0;39m [ae669314-2118-416c-8928-a45fe0049d6d_config-0] Try to connect to server on start up, server: {serverIp = '140.210.221.183', server main port = 8848}
2023-09-18 14:27:15.452 INFO  com.alibaba.nacos.common.remote.client            :60   [32m                  [0;39m [ae669314-2118-416c-8928-a45fe0049d6d_config-0] Success to connect to server [140.210.221.183:8848] on start up, connectionId = 1695018435214_112.96.48.83_20969
2023-09-18 14:27:15.453 INFO  com.alibaba.nacos.common.remote.client            :60   [32m                  [0;39m [ae669314-2118-416c-8928-a45fe0049d6d_config-0] Notify connected event to listeners.
2023-09-18 14:27:15.453 INFO  com.alibaba.nacos.client.config.impl.ClientWorker :638  [32m                  [0;39m [ae669314-2118-416c-8928-a45fe0049d6d_config-0] Connected,notify listen context...
2023-09-18 14:27:15.453 INFO  com.alibaba.nacos.common.remote.client            :60   [32m                  [0;39m [ae669314-2118-416c-8928-a45fe0049d6d_config-0] Register server push request handler:com.alibaba.nacos.common.remote.client.RpcClient$ConnectResetRequestHandler
2023-09-18 14:27:15.454 INFO  com.alibaba.nacos.common.remote.client            :60   [32m                  [0;39m [ae669314-2118-416c-8928-a45fe0049d6d_config-0] Register server push request handler:com.alibaba.nacos.common.remote.client.RpcClient$$Lambda$613/0x00000008010e7dd8
2023-09-18 14:27:15.519 INFO  com.alibaba.nacos.client.config.impl.Limiter      :62   [32m                  [0;39m limitTime:5.0
2023-09-18 14:27:15.587 WARN  c.a.cloud.nacos.client.NacosPropertySourceBuilder :87   [32m                  [0;39m Ignore the empty nacos configuration and get it based on dataId[batch] & group[DEFAULT_GROUP]
2023-09-18 14:27:15.644 WARN  c.a.cloud.nacos.client.NacosPropertySourceBuilder :87   [32m                  [0;39m Ignore the empty nacos configuration and get it based on dataId[batch.properties] & group[DEFAULT_GROUP]
2023-09-18 14:27:15.697 WARN  c.a.cloud.nacos.client.NacosPropertySourceBuilder :87   [32m                  [0;39m Ignore the empty nacos configuration and get it based on dataId[batch-dev.properties] & group[DEFAULT_GROUP]
2023-09-18 14:27:15.698 INFO  o.s.c.b.c.PropertySourceBootstrapConfiguration    :108  [32m                  [0;39m Located property source: [BootstrapPropertySource {name='bootstrapProperties-batch-dev.properties,DEFAULT_GROUP'}, BootstrapPropertySource {name='bootstrapProperties-batch.properties,DEFAULT_GROUP'}, BootstrapPropertySource {name='bootstrapProperties-batch,DEFAULT_GROUP'}]
2023-09-18 14:27:15.741 INFO  com.example.BatchApplication                      :636  [32m                  [0;39m The following 1 profile is active: "dev"
2023-09-18 14:27:16.797 INFO  o.s.d.r.config.RepositoryConfigurationDelegate    :294  [32m                  [0;39m Multiple Spring Data modules found, entering strict repository configuration mode
2023-09-18 14:27:16.803 INFO  o.s.d.r.config.RepositoryConfigurationDelegate    :138  [32m                  [0;39m Bootstrapping Spring Data Redis repositories in DEFAULT mode.
2023-09-18 14:27:16.842 INFO  o.s.d.r.config.RepositoryConfigurationDelegate    :208  [32m                  [0;39m Finished Spring Data repository scanning in 16 ms. Found 0 Redis repository interfaces.
2023-09-18 14:27:17.256 WARN  org.mybatis.spring.mapper.ClassPathMapperScanner  :44   [32m                  [0;39m No MyBatis mapper was found in '[com.example]' package. Please check your configuration.
2023-09-18 14:27:17.418 INFO  o.springframework.cloud.context.scope.GenericScope:282  [32m                  [0;39m BeanFactory id=279c4c4b-fce6-3708-aaee-94b8d292dbe2
2023-09-18 14:27:17.533 INFO  o.s.c.s.PostProcessorRegistrationDelegate$BeanPostProcessorChecker:409  [32m                  [0;39m Bean 'io.seata.spring.boot.autoconfigure.SeataCoreAutoConfiguration' of type [io.seata.spring.boot.autoconfigure.SeataCoreAutoConfiguration] is not eligible for getting processed by all BeanPostProcessors (for example: not eligible for auto-proxying)
2023-09-18 14:27:17.534 INFO  o.s.c.s.PostProcessorRegistrationDelegate$BeanPostProcessorChecker:409  [32m                  [0;39m Bean 'springApplicationContextProvider' of type [io.seata.spring.boot.autoconfigure.provider.SpringApplicationContextProvider] is not eligible for getting processed by all BeanPostProcessors (for example: not eligible for auto-proxying)
2023-09-18 14:27:17.535 INFO  o.s.c.s.PostProcessorRegistrationDelegate$BeanPostProcessorChecker:409  [32m                  [0;39m Bean 'io.seata.spring.boot.autoconfigure.SeataAutoConfiguration' of type [io.seata.spring.boot.autoconfigure.SeataAutoConfiguration] is not eligible for getting processed by all BeanPostProcessors (for example: not eligible for auto-proxying)
2023-09-18 14:27:17.598 INFO  o.s.c.s.PostProcessorRegistrationDelegate$BeanPostProcessorChecker:409  [32m                  [0;39m Bean 'failureHandler' of type [io.seata.tm.api.DefaultFailureHandlerImpl] is not eligible for getting processed by all BeanPostProcessors (for example: not eligible for auto-proxying)
2023-09-18 14:27:17.603 INFO  o.s.c.s.PostProcessorRegistrationDelegate$BeanPostProcessorChecker:409  [32m                  [0;39m Bean 'org.springframework.cloud.commons.config.CommonsConfigAutoConfiguration' of type [org.springframework.cloud.commons.config.CommonsConfigAutoConfiguration] is not eligible for getting processed by all BeanPostProcessors (for example: not eligible for auto-proxying)
2023-09-18 14:27:17.608 INFO  o.s.c.s.PostProcessorRegistrationDelegate$BeanPostProcessorChecker:409  [32m                  [0;39m Bean 'org.springframework.cloud.client.loadbalancer.LoadBalancerDefaultMappingsProviderAutoConfiguration' of type [org.springframework.cloud.client.loadbalancer.LoadBalancerDefaultMappingsProviderAutoConfiguration] is not eligible for getting processed by all BeanPostProcessors (for example: not eligible for auto-proxying)
2023-09-18 14:27:17.608 INFO  o.s.c.s.PostProcessorRegistrationDelegate$BeanPostProcessorChecker:409  [32m                  [0;39m Bean 'loadBalancerClientsDefaultsMappingsProvider' of type [org.springframework.cloud.client.loadbalancer.LoadBalancerDefaultMappingsProviderAutoConfiguration$$Lambda$727/0x00000008012273c0] is not eligible for getting processed by all BeanPostProcessors (for example: not eligible for auto-proxying)
2023-09-18 14:27:17.609 INFO  o.s.c.s.PostProcessorRegistrationDelegate$BeanPostProcessorChecker:409  [32m                  [0;39m Bean 'defaultsBindHandlerAdvisor' of type [org.springframework.cloud.commons.config.DefaultsBindHandlerAdvisor] is not eligible for getting processed by all BeanPostProcessors (for example: not eligible for auto-proxying)
2023-09-18 14:27:17.615 INFO  o.s.c.s.PostProcessorRegistrationDelegate$BeanPostProcessorChecker:409  [32m                  [0;39m Bean 'springCloudAlibabaConfiguration' of type [io.seata.spring.boot.autoconfigure.properties.SpringCloudAlibabaConfiguration] is not eligible for getting processed by all BeanPostProcessors (for example: not eligible for auto-proxying)
2023-09-18 14:27:17.620 INFO  o.s.c.s.PostProcessorRegistrationDelegate$BeanPostProcessorChecker:409  [32m                  [0;39m Bean 'seataProperties' of type [io.seata.spring.boot.autoconfigure.properties.SeataProperties] is not eligible for getting processed by all BeanPostProcessors (for example: not eligible for auto-proxying)
2023-09-18 14:27:17.624 INFO  i.s.s.boot.autoconfigure.SeataAutoConfiguration   :63   [32m                  [0;39m Automatically configure Seata
2023-09-18 14:27:17.731 INFO  io.seata.config.ConfigurationFactory              :69   [32m                  [0;39m load Configuration from :Spring Configuration
2023-09-18 14:27:17.744 INFO  io.seata.config.ConfigurationFactory              :121  [32m                  [0;39m load Configuration from :Spring Configuration
2023-09-18 14:27:18.122 INFO  i.seata.spring.annotation.GlobalTransactionScanner:208  [32m                  [0;39m Initializing Global Transaction Clients ... 
2023-09-18 14:27:18.216 INFO  io.seata.core.rpc.netty.NettyClientBootstrap      :147  [32m                  [0;39m NettyClientBootstrap has started
2023-09-18 14:27:18.222 INFO  io.seata.core.rpc.netty.NettyClientChannelManager :108  [32m                  [0;39m will connect to 140.210.221.183:8091
2023-09-18 14:27:18.246 INFO  io.seata.core.rpc.netty.NettyPoolableFactory      :56   [32m                  [0;39m NettyPool create channel to transactionRole:TMROLE,address:140.210.221.183:8091,msg:< RegisterTMRequest{applicationId='batch', transactionServiceGroup='train-group'} >
2023-09-18 14:27:18.466 WARN  i.s.c.l.EnhancedServiceLoader$InnerEnhancedServiceLoader:543  [32m                  [0;39m Load [io.seata.serializer.hessian.HessianSerializer] class fail. com/caucho/hessian/io/AbstractHessianOutput
2023-09-18 14:27:18.540 INFO  io.seata.core.rpc.netty.TmNettyRemotingClient     :224  [32m                  [0;39m register TM success. client version:1.6.1, server version:1.6.1,channel:[id: 0xd43c7c36, L:/172.20.10.5:6890 - R:/140.210.221.183:8091]
2023-09-18 14:27:18.547 INFO  io.seata.core.rpc.netty.NettyPoolableFactory      :81   [32m                  [0;39m register success, cost 110 ms, version:1.6.1,role:TMROLE,channel:[id: 0xd43c7c36, L:/172.20.10.5:6890 - R:/140.210.221.183:8091]
2023-09-18 14:27:18.548 INFO  i.seata.spring.annotation.GlobalTransactionScanner:222  [32m                  [0;39m Transaction Manager Client is initialized. applicationId[batch] txServiceGroup[train-group]
2023-09-18 14:27:18.563 INFO  io.seata.rm.datasource.AsyncWorker                :73   [32m                  [0;39m Async Commit Buffer Limit: 10000
2023-09-18 14:27:18.564 INFO  io.seata.rm.datasource.xa.ResourceManagerXA       :59   [32m                  [0;39m ResourceManagerXA init ...
2023-09-18 14:27:18.573 INFO  io.seata.core.rpc.netty.NettyClientBootstrap      :147  [32m                  [0;39m NettyClientBootstrap has started
2023-09-18 14:27:18.574 INFO  i.seata.spring.annotation.GlobalTransactionScanner:227  [32m                  [0;39m Resource Manager is initialized. applicationId[batch] txServiceGroup[train-group]
2023-09-18 14:27:18.574 INFO  i.seata.spring.annotation.GlobalTransactionScanner:231  [32m                  [0;39m Global Transaction Clients are initialized. 
2023-09-18 14:27:19.060 INFO  o.s.c.s.PostProcessorRegistrationDelegate$BeanPostProcessorChecker:409  [32m                  [0;39m Bean 'com.alibaba.cloud.seata.feign.SeataFeignClientAutoConfiguration$FeignBeanPostProcessorConfiguration' of type [com.alibaba.cloud.seata.feign.SeataFeignClientAutoConfiguration$FeignBeanPostProcessorConfiguration] is not eligible for getting processed by all BeanPostProcessors (for example: not eligible for auto-proxying)
2023-09-18 14:27:19.065 INFO  o.s.c.s.PostProcessorRegistrationDelegate$BeanPostProcessorChecker:409  [32m                  [0;39m Bean 'seataFeignObjectWrapper' of type [com.alibaba.cloud.seata.feign.SeataFeignObjectWrapper] is not eligible for getting processed by all BeanPostProcessors (for example: not eligible for auto-proxying)
2023-09-18 14:27:19.878 INFO  o.s.boot.web.embedded.tomcat.TomcatWebServer      :114  [32m                  [0;39m Tomcat initialized with port(s): 8003 (http)
2023-09-18 14:27:19.894 INFO  org.apache.coyote.http11.Http11NioProtocol        :173  [32m                  [0;39m Initializing ProtocolHandler ["http-nio-8003"]
2023-09-18 14:27:19.895 INFO  org.apache.catalina.core.StandardService          :173  [32m                  [0;39m Starting service [Tomcat]
2023-09-18 14:27:19.896 INFO  org.apache.catalina.core.StandardEngine           :173  [32m                  [0;39m Starting Servlet engine: [Apache Tomcat/10.1.1]
2023-09-18 14:27:19.996 INFO  o.a.c.c.C.[Tomcat].[localhost].[/batch]           :173  [32m                  [0;39m Initializing Spring embedded WebApplicationContext
2023-09-18 14:27:19.996 INFO  o.s.b.w.s.c.ServletWebServerApplicationContext    :291  [32m                  [0;39m Root WebApplicationContext: initialization completed in 4231 ms
2023-09-18 14:27:20.605 WARN  o.s.b.d.autoconfigure.OptionalLiveReloadServer    :62   [32m                  [0;39m Unable to start LiveReload server
2023-09-18 14:27:20.645 INFO  o.s.cloud.openfeign.FeignClientFactoryBean        :437  [32m                  [0;39m For 'business' URL not provided. Will try picking an instance via load-balancing.
2023-09-18 14:27:20.795 INFO  com.zaxxer.hikari.HikariDataSource                :110  [32m                  [0;39m HikariPool-1 - Starting...
2023-09-18 14:27:24.170 ERROR com.zaxxer.hikari.pool.HikariPool                 :594  [32m                  [0;39m HikariPool-1 - Exception during pool initialization.
com.mysql.cj.jdbc.exceptions.CommunicationsException: Communications link failure

The last packet sent successfully to the server was 0 milliseconds ago. The driver has not received any packets from the server.
	at com.mysql.cj.jdbc.exceptions.SQLError.createCommunicationsException(SQLError.java:174)
	at com.mysql.cj.jdbc.exceptions.SQLExceptionsMapping.translateException(SQLExceptionsMapping.java:64)
	at com.mysql.cj.jdbc.ConnectionImpl.createNewIO(ConnectionImpl.java:836)
	at com.mysql.cj.jdbc.ConnectionImpl.<init>(ConnectionImpl.java:456)
	at com.mysql.cj.jdbc.ConnectionImpl.getInstance(ConnectionImpl.java:246)
	at com.mysql.cj.jdbc.NonRegisteringDriver.connect(NonRegisteringDriver.java:198)
	at com.zaxxer.hikari.util.DriverDataSource.getConnection(DriverDataSource.java:138)
	at com.zaxxer.hikari.pool.PoolBase.newConnection(PoolBase.java:359)
	at com.zaxxer.hikari.pool.PoolBase.newPoolEntry(PoolBase.java:201)
	at com.zaxxer.hikari.pool.HikariPool.createPoolEntry(HikariPool.java:470)
	at com.zaxxer.hikari.pool.HikariPool.checkFailFast(HikariPool.java:561)
	at com.zaxxer.hikari.pool.HikariPool.<init>(HikariPool.java:100)
	at com.zaxxer.hikari.HikariDataSource.getConnection(HikariDataSource.java:112)
	at io.seata.rm.datasource.DataSourceProxy.init(DataSourceProxy.java:109)
	at io.seata.rm.datasource.DataSourceProxy.<init>(DataSourceProxy.java:104)
	at io.seata.rm.datasource.DataSourceProxy.<init>(DataSourceProxy.java:89)
	at io.seata.spring.annotation.datasource.SeataAutoDataSourceProxyCreator.buildProxy(SeataAutoDataSourceProxyCreator.java:114)
	at io.seata.spring.annotation.datasource.SeataAutoDataSourceProxyCreator.wrapIfNecessary(SeataAutoDataSourceProxyCreator.java:89)
	at org.springframework.aop.framework.autoproxy.AbstractAutoProxyCreator.postProcessAfterInitialization(AbstractAutoProxyCreator.java:318)
	at org.springframework.beans.factory.support.AbstractAutowireCapableBeanFactory.applyBeanPostProcessorsAfterInitialization(AbstractAutowireCapableBeanFactory.java:435)
	at org.springframework.beans.factory.support.AbstractAutowireCapableBeanFactory.initializeBean(AbstractAutowireCapableBeanFactory.java:1754)
	at org.springframework.beans.factory.support.AbstractAutowireCapableBeanFactory.doCreateBean(AbstractAutowireCapableBeanFactory.java:599)
	at org.springframework.beans.factory.support.AbstractAutowireCapableBeanFactory.createBean(AbstractAutowireCapableBeanFactory.java:521)
	at org.springframework.beans.factory.support.AbstractBeanFactory.lambda$doGetBean$0(AbstractBeanFactory.java:326)
	at org.springframework.beans.factory.support.DefaultSingletonBeanRegistry.getSingleton(DefaultSingletonBeanRegistry.java:234)
	at org.springframework.beans.factory.support.AbstractBeanFactory.doGetBean(AbstractBeanFactory.java:324)
	at org.springframework.beans.factory.support.AbstractBeanFactory.getBean(AbstractBeanFactory.java:200)
	at org.springframework.beans.factory.config.DependencyDescriptor.resolveCandidate(DependencyDescriptor.java:254)
	at org.springframework.beans.factory.support.DefaultListableBeanFactory.doResolveDependency(DefaultListableBeanFactory.java:1405)
	at org.springframework.beans.factory.support.DefaultListableBeanFactory.resolveDependency(DefaultListableBeanFactory.java:1325)
	at org.springframework.beans.factory.support.ConstructorResolver.resolveAutowiredArgument(ConstructorResolver.java:880)
	at org.springframework.beans.factory.support.ConstructorResolver.createArgumentArray(ConstructorResolver.java:784)
	at org.springframework.beans.factory.support.ConstructorResolver.instantiateUsingFactoryMethod(ConstructorResolver.java:543)
	at org.springframework.beans.factory.support.AbstractAutowireCapableBeanFactory.instantiateUsingFactoryMethod(AbstractAutowireCapableBeanFactory.java:1324)
	at org.springframework.beans.factory.support.AbstractAutowireCapableBeanFactory.createBeanInstance(AbstractAutowireCapableBeanFactory.java:1161)
	at org.springframework.beans.factory.support.AbstractAutowireCapableBeanFactory.doCreateBean(AbstractAutowireCapableBeanFactory.java:561)
	at org.springframework.beans.factory.support.AbstractAutowireCapableBeanFactory.createBean(AbstractAutowireCapableBeanFactory.java:521)
	at org.springframework.beans.factory.support.AbstractBeanFactory.lambda$doGetBean$0(AbstractBeanFactory.java:326)
	at org.springframework.beans.factory.support.DefaultSingletonBeanRegistry.getSingleton(DefaultSingletonBeanRegistry.java:234)
	at org.springframework.beans.factory.support.AbstractBeanFactory.doGetBean(AbstractBeanFactory.java:324)
	at org.springframework.beans.factory.support.AbstractBeanFactory.getBean(AbstractBeanFactory.java:200)
	at org.springframework.beans.factory.support.AbstractBeanFactory.doGetBean(AbstractBeanFactory.java:313)
	at org.springframework.beans.factory.support.AbstractBeanFactory.getBean(AbstractBeanFactory.java:200)
	at org.springframework.beans.factory.config.DependencyDescriptor.resolveCandidate(DependencyDescriptor.java:254)
	at org.springframework.beans.factory.support.DefaultListableBeanFactory.doResolveDependency(DefaultListableBeanFactory.java:1405)
	at org.springframework.beans.factory.support.DefaultListableBeanFactory.resolveDependency(DefaultListableBeanFactory.java:1325)
	at org.springframework.beans.factory.annotation.AutowiredAnnotationBeanPostProcessor$AutowiredFieldElement.resolveFieldValue(AutowiredAnnotationBeanPostProcessor.java:709)
	at org.springframework.beans.factory.annotation.AutowiredAnnotationBeanPostProcessor$AutowiredFieldElement.inject(AutowiredAnnotationBeanPostProcessor.java:692)
	at org.springframework.beans.factory.annotation.InjectionMetadata.inject(InjectionMetadata.java:127)
	at org.springframework.beans.factory.annotation.AutowiredAnnotationBeanPostProcessor.postProcessProperties(AutowiredAnnotationBeanPostProcessor.java:481)
	at org.springframework.beans.factory.support.AbstractAutowireCapableBeanFactory.populateBean(AbstractAutowireCapableBeanFactory.java:1397)
	at org.springframework.beans.factory.support.AbstractAutowireCapableBeanFactory.doCreateBean(AbstractAutowireCapableBeanFactory.java:598)
	at org.springframework.beans.factory.support.AbstractAutowireCapableBeanFactory.createBean(AbstractAutowireCapableBeanFactory.java:521)
	at org.springframework.beans.factory.support.AbstractBeanFactory.lambda$doGetBean$0(AbstractBeanFactory.java:326)
	at org.springframework.beans.factory.support.DefaultSingletonBeanRegistry.getSingleton(DefaultSingletonBeanRegistry.java:234)
	at org.springframework.beans.factory.support.AbstractBeanFactory.doGetBean(AbstractBeanFactory.java:324)
	at org.springframework.beans.factory.support.AbstractBeanFactory.getBean(AbstractBeanFactory.java:200)
	at org.springframework.beans.factory.support.DefaultListableBeanFactory.preInstantiateSingletons(DefaultListableBeanFactory.java:961)
	at org.springframework.context.support.AbstractApplicationContext.finishBeanFactoryInitialization(AbstractApplicationContext.java:915)
	at org.springframework.context.support.AbstractApplicationContext.refresh(AbstractApplicationContext.java:584)
	at org.springframework.boot.web.servlet.context.ServletWebServerApplicationContext.refresh(ServletWebServerApplicationContext.java:146)
	at org.springframework.boot.SpringApplication.refresh(SpringApplication.java:730)
	at org.springframework.boot.SpringApplication.refreshContext(SpringApplication.java:432)
	at org.springframework.boot.SpringApplication.run(SpringApplication.java:308)
	at com.example.BatchApplication.main(BatchApplication.java:23)
	at java.base/jdk.internal.reflect.NativeMethodAccessorImpl.invoke0(Native Method)
	at java.base/jdk.internal.reflect.NativeMethodAccessorImpl.invoke(NativeMethodAccessorImpl.java:77)
	at java.base/jdk.internal.reflect.DelegatingMethodAccessorImpl.invoke(DelegatingMethodAccessorImpl.java:43)
	at java.base/java.lang.reflect.Method.invoke(Method.java:568)
	at org.springframework.boot.devtools.restart.RestartLauncher.run(RestartLauncher.java:49)
Caused by: com.mysql.cj.exceptions.CJCommunicationsException: Communications link failure

The last packet sent successfully to the server was 0 milliseconds ago. The driver has not received any packets from the server.
	at java.base/jdk.internal.reflect.NativeConstructorAccessorImpl.newInstance0(Native Method)
	at java.base/jdk.internal.reflect.NativeConstructorAccessorImpl.newInstance(NativeConstructorAccessorImpl.java:77)
	at java.base/jdk.internal.reflect.DelegatingConstructorAccessorImpl.newInstance(DelegatingConstructorAccessorImpl.java:45)
	at java.base/java.lang.reflect.Constructor.newInstanceWithCaller(Constructor.java:499)
	at java.base/java.lang.reflect.Constructor.newInstance(Constructor.java:480)
	at com.mysql.cj.exceptions.ExceptionFactory.createException(ExceptionFactory.java:61)
	at com.mysql.cj.exceptions.ExceptionFactory.createException(ExceptionFactory.java:105)
	at com.mysql.cj.exceptions.ExceptionFactory.createException(ExceptionFactory.java:151)
	at com.mysql.cj.exceptions.ExceptionFactory.createCommunicationsException(ExceptionFactory.java:167)
	at com.mysql.cj.protocol.a.NativeSocketConnection.connect(NativeSocketConnection.java:89)
	at com.mysql.cj.NativeSession.connect(NativeSession.java:144)
	at com.mysql.cj.jdbc.ConnectionImpl.connectOneTryOnly(ConnectionImpl.java:956)
	at com.mysql.cj.jdbc.ConnectionImpl.createNewIO(ConnectionImpl.java:826)
	... 67 common frames omitted
Caused by: java.net.ConnectException: Connection refused: no further information
	at java.base/sun.nio.ch.Net.pollConnect(Native Method)
	at java.base/sun.nio.ch.Net.pollConnectNow(Net.java:672)
	at java.base/sun.nio.ch.NioSocketImpl.timedFinishConnect(NioSocketImpl.java:549)
	at java.base/sun.nio.ch.NioSocketImpl.connect(NioSocketImpl.java:597)
	at java.base/java.net.SocksSocketImpl.connect(SocksSocketImpl.java:327)
	at java.base/java.net.Socket.connect(Socket.java:633)
	at com.mysql.cj.protocol.StandardSocketFactory.connect(StandardSocketFactory.java:155)
	at com.mysql.cj.protocol.a.NativeSocketConnection.connect(NativeSocketConnection.java:63)
	... 70 common frames omitted
2023-09-18 14:27:24.175 WARN  o.s.b.w.s.c.AnnotationConfigServletWebServerApplicationContext:592  [32m                  [0;39m Exception encountered during context initialization - cancelling refresh attempt: org.springframework.beans.factory.UnsatisfiedDependencyException: Error creating bean with name 'jobController': Unsatisfied dependency expressed through field 'schedulerFactoryBean': Error creating bean with name 'dataSourceScriptDatabaseInitializer' defined in class path resource [org/springframework/boot/autoconfigure/sql/init/DataSourceInitializationConfiguration.class]: Unsatisfied dependency expressed through method 'dataSourceScriptDatabaseInitializer' parameter 0: Error creating bean with name 'dataSource' defined in class path resource [org/springframework/boot/autoconfigure/jdbc/DataSourceConfiguration$Hikari.class]: can not init dataSource
2023-09-18 14:27:24.182 INFO  org.apache.catalina.core.StandardService          :173  [32m                  [0;39m Stopping service [Tomcat]
2023-09-18 14:27:24.201 INFO  o.s.b.a.logging.ConditionEvaluationReportLogger   :82   [32m                  [0;39m 

Error starting ApplicationContext. To display the condition evaluation report re-run your application with 'debug' enabled.
2023-09-18 14:27:24.230 ERROR org.springframework.boot.SpringApplication        :820  [32m                  [0;39m Application run failed
org.springframework.beans.factory.UnsatisfiedDependencyException: Error creating bean with name 'jobController': Unsatisfied dependency expressed through field 'schedulerFactoryBean': Error creating bean with name 'dataSourceScriptDatabaseInitializer' defined in class path resource [org/springframework/boot/autoconfigure/sql/init/DataSourceInitializationConfiguration.class]: Unsatisfied dependency expressed through method 'dataSourceScriptDatabaseInitializer' parameter 0: Error creating bean with name 'dataSource' defined in class path resource [org/springframework/boot/autoconfigure/jdbc/DataSourceConfiguration$Hikari.class]: can not init dataSource
	at org.springframework.beans.factory.annotation.AutowiredAnnotationBeanPostProcessor$AutowiredFieldElement.resolveFieldValue(AutowiredAnnotationBeanPostProcessor.java:712)
	at org.springframework.beans.factory.annotation.AutowiredAnnotationBeanPostProcessor$AutowiredFieldElement.inject(AutowiredAnnotationBeanPostProcessor.java:692)
	at org.springframework.beans.factory.annotation.InjectionMetadata.inject(InjectionMetadata.java:127)
	at org.springframework.beans.factory.annotation.AutowiredAnnotationBeanPostProcessor.postProcessProperties(AutowiredAnnotationBeanPostProcessor.java:481)
	at org.springframework.beans.factory.support.AbstractAutowireCapableBeanFactory.populateBean(AbstractAutowireCapableBeanFactory.java:1397)
	at org.springframework.beans.factory.support.AbstractAutowireCapableBeanFactory.doCreateBean(AbstractAutowireCapableBeanFactory.java:598)
	at org.springframework.beans.factory.support.AbstractAutowireCapableBeanFactory.createBean(AbstractAutowireCapableBeanFactory.java:521)
	at org.springframework.beans.factory.support.AbstractBeanFactory.lambda$doGetBean$0(AbstractBeanFactory.java:326)
	at org.springframework.beans.factory.support.DefaultSingletonBeanRegistry.getSingleton(DefaultSingletonBeanRegistry.java:234)
	at org.springframework.beans.factory.support.AbstractBeanFactory.doGetBean(AbstractBeanFactory.java:324)
	at org.springframework.beans.factory.support.AbstractBeanFactory.getBean(AbstractBeanFactory.java:200)
	at org.springframework.beans.factory.support.DefaultListableBeanFactory.preInstantiateSingletons(DefaultListableBeanFactory.java:961)
	at org.springframework.context.support.AbstractApplicationContext.finishBeanFactoryInitialization(AbstractApplicationContext.java:915)
	at org.springframework.context.support.AbstractApplicationContext.refresh(AbstractApplicationContext.java:584)
	at org.springframework.boot.web.servlet.context.ServletWebServerApplicationContext.refresh(ServletWebServerApplicationContext.java:146)
	at org.springframework.boot.SpringApplication.refresh(SpringApplication.java:730)
	at org.springframework.boot.SpringApplication.refreshContext(SpringApplication.java:432)
	at org.springframework.boot.SpringApplication.run(SpringApplication.java:308)
	at com.example.BatchApplication.main(BatchApplication.java:23)
	at java.base/jdk.internal.reflect.NativeMethodAccessorImpl.invoke0(Native Method)
	at java.base/jdk.internal.reflect.NativeMethodAccessorImpl.invoke(NativeMethodAccessorImpl.java:77)
	at java.base/jdk.internal.reflect.DelegatingMethodAccessorImpl.invoke(DelegatingMethodAccessorImpl.java:43)
	at java.base/java.lang.reflect.Method.invoke(Method.java:568)
	at org.springframework.boot.devtools.restart.RestartLauncher.run(RestartLauncher.java:49)
Caused by: org.springframework.beans.factory.UnsatisfiedDependencyException: Error creating bean with name 'dataSourceScriptDatabaseInitializer' defined in class path resource [org/springframework/boot/autoconfigure/sql/init/DataSourceInitializationConfiguration.class]: Unsatisfied dependency expressed through method 'dataSourceScriptDatabaseInitializer' parameter 0: Error creating bean with name 'dataSource' defined in class path resource [org/springframework/boot/autoconfigure/jdbc/DataSourceConfiguration$Hikari.class]: can not init dataSource
	at org.springframework.beans.factory.support.ConstructorResolver.createArgumentArray(ConstructorResolver.java:793)
	at org.springframework.beans.factory.support.ConstructorResolver.instantiateUsingFactoryMethod(ConstructorResolver.java:543)
	at org.springframework.beans.factory.support.AbstractAutowireCapableBeanFactory.instantiateUsingFactoryMethod(AbstractAutowireCapableBeanFactory.java:1324)
	at org.springframework.beans.factory.support.AbstractAutowireCapableBeanFactory.createBeanInstance(AbstractAutowireCapableBeanFactory.java:1161)
	at org.springframework.beans.factory.support.AbstractAutowireCapableBeanFactory.doCreateBean(AbstractAutowireCapableBeanFactory.java:561)
	at org.springframework.beans.factory.support.AbstractAutowireCapableBeanFactory.createBean(AbstractAutowireCapableBeanFactory.java:521)
	at org.springframework.beans.factory.support.AbstractBeanFactory.lambda$doGetBean$0(AbstractBeanFactory.java:326)
	at org.springframework.beans.factory.support.DefaultSingletonBeanRegistry.getSingleton(DefaultSingletonBeanRegistry.java:234)
	at org.springframework.beans.factory.support.AbstractBeanFactory.doGetBean(AbstractBeanFactory.java:324)
	at org.springframework.beans.factory.support.AbstractBeanFactory.getBean(AbstractBeanFactory.java:200)
	at org.springframework.beans.factory.support.AbstractBeanFactory.doGetBean(AbstractBeanFactory.java:313)
	at org.springframework.beans.factory.support.AbstractBeanFactory.getBean(AbstractBeanFactory.java:200)
	at org.springframework.beans.factory.config.DependencyDescriptor.resolveCandidate(DependencyDescriptor.java:254)
	at org.springframework.beans.factory.support.DefaultListableBeanFactory.doResolveDependency(DefaultListableBeanFactory.java:1405)
	at org.springframework.beans.factory.support.DefaultListableBeanFactory.resolveDependency(DefaultListableBeanFactory.java:1325)
	at org.springframework.beans.factory.annotation.AutowiredAnnotationBeanPostProcessor$AutowiredFieldElement.resolveFieldValue(AutowiredAnnotationBeanPostProcessor.java:709)
	... 23 common frames omitted
Caused by: org.springframework.beans.factory.BeanCreationException: Error creating bean with name 'dataSource' defined in class path resource [org/springframework/boot/autoconfigure/jdbc/DataSourceConfiguration$Hikari.class]: can not init dataSource
	at org.springframework.beans.factory.support.AbstractAutowireCapableBeanFactory.doCreateBean(AbstractAutowireCapableBeanFactory.java:606)
	at org.springframework.beans.factory.support.AbstractAutowireCapableBeanFactory.createBean(AbstractAutowireCapableBeanFactory.java:521)
	at org.springframework.beans.factory.support.AbstractBeanFactory.lambda$doGetBean$0(AbstractBeanFactory.java:326)
	at org.springframework.beans.factory.support.DefaultSingletonBeanRegistry.getSingleton(DefaultSingletonBeanRegistry.java:234)
	at org.springframework.beans.factory.support.AbstractBeanFactory.doGetBean(AbstractBeanFactory.java:324)
	at org.springframework.beans.factory.support.AbstractBeanFactory.getBean(AbstractBeanFactory.java:200)
	at org.springframework.beans.factory.config.DependencyDescriptor.resolveCandidate(DependencyDescriptor.java:254)
	at org.springframework.beans.factory.support.DefaultListableBeanFactory.doResolveDependency(DefaultListableBeanFactory.java:1405)
	at org.springframework.beans.factory.support.DefaultListableBeanFactory.resolveDependency(DefaultListableBeanFactory.java:1325)
	at org.springframework.beans.factory.support.ConstructorResolver.resolveAutowiredArgument(ConstructorResolver.java:880)
	at org.springframework.beans.factory.support.ConstructorResolver.createArgumentArray(ConstructorResolver.java:784)
	... 38 common frames omitted
Caused by: java.lang.IllegalStateException: can not init dataSource
	at io.seata.rm.datasource.DataSourceProxy.init(DataSourceProxy.java:119)
	at io.seata.rm.datasource.DataSourceProxy.<init>(DataSourceProxy.java:104)
	at io.seata.rm.datasource.DataSourceProxy.<init>(DataSourceProxy.java:89)
	at io.seata.spring.annotation.datasource.SeataAutoDataSourceProxyCreator.buildProxy(SeataAutoDataSourceProxyCreator.java:114)
	at io.seata.spring.annotation.datasource.SeataAutoDataSourceProxyCreator.wrapIfNecessary(SeataAutoDataSourceProxyCreator.java:89)
	at org.springframework.aop.framework.autoproxy.AbstractAutoProxyCreator.postProcessAfterInitialization(AbstractAutoProxyCreator.java:318)
	at org.springframework.beans.factory.support.AbstractAutowireCapableBeanFactory.applyBeanPostProcessorsAfterInitialization(AbstractAutowireCapableBeanFactory.java:435)
	at org.springframework.beans.factory.support.AbstractAutowireCapableBeanFactory.initializeBean(AbstractAutowireCapableBeanFactory.java:1754)
	at org.springframework.beans.factory.support.AbstractAutowireCapableBeanFactory.doCreateBean(AbstractAutowireCapableBeanFactory.java:599)
	... 48 common frames omitted
Caused by: com.mysql.cj.jdbc.exceptions.CommunicationsException: Communications link failure

The last packet sent successfully to the server was 0 milliseconds ago. The driver has not received any packets from the server.
	at com.mysql.cj.jdbc.exceptions.SQLError.createCommunicationsException(SQLError.java:174)
	at com.mysql.cj.jdbc.exceptions.SQLExceptionsMapping.translateException(SQLExceptionsMapping.java:64)
	at com.mysql.cj.jdbc.ConnectionImpl.createNewIO(ConnectionImpl.java:836)
	at com.mysql.cj.jdbc.ConnectionImpl.<init>(ConnectionImpl.java:456)
	at com.mysql.cj.jdbc.ConnectionImpl.getInstance(ConnectionImpl.java:246)
	at com.mysql.cj.jdbc.NonRegisteringDriver.connect(NonRegisteringDriver.java:198)
	at com.zaxxer.hikari.util.DriverDataSource.getConnection(DriverDataSource.java:138)
	at com.zaxxer.hikari.pool.PoolBase.newConnection(PoolBase.java:359)
	at com.zaxxer.hikari.pool.PoolBase.newPoolEntry(PoolBase.java:201)
	at com.zaxxer.hikari.pool.HikariPool.createPoolEntry(HikariPool.java:470)
	at com.zaxxer.hikari.pool.HikariPool.checkFailFast(HikariPool.java:561)
	at com.zaxxer.hikari.pool.HikariPool.<init>(HikariPool.java:100)
	at com.zaxxer.hikari.HikariDataSource.getConnection(HikariDataSource.java:112)
	at io.seata.rm.datasource.DataSourceProxy.init(DataSourceProxy.java:109)
	... 56 common frames omitted
Caused by: com.mysql.cj.exceptions.CJCommunicationsException: Communications link failure

The last packet sent successfully to the server was 0 milliseconds ago. The driver has not received any packets from the server.
	at java.base/jdk.internal.reflect.NativeConstructorAccessorImpl.newInstance0(Native Method)
	at java.base/jdk.internal.reflect.NativeConstructorAccessorImpl.newInstance(NativeConstructorAccessorImpl.java:77)
	at java.base/jdk.internal.reflect.DelegatingConstructorAccessorImpl.newInstance(DelegatingConstructorAccessorImpl.java:45)
	at java.base/java.lang.reflect.Constructor.newInstanceWithCaller(Constructor.java:499)
	at java.base/java.lang.reflect.Constructor.newInstance(Constructor.java:480)
	at com.mysql.cj.exceptions.ExceptionFactory.createException(ExceptionFactory.java:61)
	at com.mysql.cj.exceptions.ExceptionFactory.createException(ExceptionFactory.java:105)
	at com.mysql.cj.exceptions.ExceptionFactory.createException(ExceptionFactory.java:151)
	at com.mysql.cj.exceptions.ExceptionFactory.createCommunicationsException(ExceptionFactory.java:167)
	at com.mysql.cj.protocol.a.NativeSocketConnection.connect(NativeSocketConnection.java:89)
	at com.mysql.cj.NativeSession.connect(NativeSession.java:144)
	at com.mysql.cj.jdbc.ConnectionImpl.connectOneTryOnly(ConnectionImpl.java:956)
	at com.mysql.cj.jdbc.ConnectionImpl.createNewIO(ConnectionImpl.java:826)
	... 67 common frames omitted
Caused by: java.net.ConnectException: Connection refused: no further information
	at java.base/sun.nio.ch.Net.pollConnect(Native Method)
	at java.base/sun.nio.ch.Net.pollConnectNow(Net.java:672)
	at java.base/sun.nio.ch.NioSocketImpl.timedFinishConnect(NioSocketImpl.java:549)
	at java.base/sun.nio.ch.NioSocketImpl.connect(NioSocketImpl.java:597)
	at java.base/java.net.SocksSocketImpl.connect(SocksSocketImpl.java:327)
	at java.base/java.net.Socket.connect(Socket.java:633)
	at com.mysql.cj.protocol.StandardSocketFactory.connect(StandardSocketFactory.java:155)
	at com.mysql.cj.protocol.a.NativeSocketConnection.connect(NativeSocketConnection.java:63)
	... 70 common frames omitted
2023-09-18 14:27:24.234 WARN  com.alibaba.nacos.common.notify.NotifyCenter      :136  [32m                  [0;39m [NotifyCenter] Start destroying Publisher
2023-09-18 14:27:24.234 WARN  c.alibaba.nacos.common.http.HttpClientBeanHolder  :102  [32m                  [0;39m [HttpClientBeanHolder] Start destroying common HttpClient
2023-09-18 14:27:24.235 WARN  com.alibaba.nacos.common.notify.NotifyCenter      :153  [32m                  [0;39m [NotifyCenter] Destruction of the end
2023-09-18 14:27:24.235 WARN  c.alibaba.nacos.common.http.HttpClientBeanHolder  :111  [32m                  [0;39m [HttpClientBeanHolder] Destruction of the end
2023-09-18 14:31:01.503 INFO  com.alibaba.nacos.client.env.SearchableProperties :197  [32m                  [0;39m properties search order:PROPERTIES->JVM->ENV->DEFAULT_SETTING
2023-09-18 14:31:01.507 WARN  com.alibaba.nacos.client.logging.NacosLogging     :64   [32m                  [0;39m Load Logback Configuration of Nacos fail, message: org/slf4j/impl/StaticLoggerBinder
2023-09-18 14:31:01.509 WARN  com.alibaba.nacos.client.logging.NacosLogging     :64   [32m                  [0;39m Load Logback Configuration of Nacos fail, message: org/slf4j/impl/StaticLoggerBinder
2023-09-18 14:31:01.527 INFO  org.hibernate.validator.internal.util.Version     :21   [32m                  [0;39m HV000001: Hibernate Validator 8.0.0.Final
2023-09-18 14:31:01.626 INFO  o.s.b.d.env.DevToolsPropertyDefaultsPostProcessor :250  [32m                  [0;39m Devtools property defaults active! Set 'spring.devtools.add-properties' to 'false' to disable
2023-09-18 14:31:01.825 WARN  com.alibaba.nacos.client.logging.NacosLogging     :64   [32m                  [0;39m Load Logback Configuration of Nacos fail, message: org/slf4j/impl/StaticLoggerBinder
2023-09-18 14:31:01.825 INFO  com.alibaba.nacos.client.env.SearchableProperties :197  [32m                  [0;39m properties search order:PROPERTIES->JVM->ENV->DEFAULT_SETTING
2023-09-18 14:31:01.826 INFO  com.alibaba.nacos.client.utils.ParamUtil          :87   [32m                  [0;39m [settings] [req-serv] nacos-server port:8848
2023-09-18 14:31:01.827 INFO  com.alibaba.nacos.client.utils.ParamUtil          :98   [32m                  [0;39m [settings] [http-client] connect timeout:1000
2023-09-18 14:31:01.828 INFO  com.alibaba.nacos.client.utils.ParamUtil          :105  [32m                  [0;39m PER_TASK_CONFIG_SIZE: 3000.0
2023-09-18 14:31:01.870 INFO  c.a.n.p.auth.spi.client.ClientAuthPluginManager   :56   [32m                  [0;39m [ClientAuthPluginManager] Load ClientAuthService com.alibaba.nacos.client.auth.impl.NacosClientAuthServiceImpl success.
2023-09-18 14:31:01.870 INFO  c.a.n.p.auth.spi.client.ClientAuthPluginManager   :56   [32m                  [0;39m [ClientAuthPluginManager] Load ClientAuthService com.alibaba.nacos.client.auth.ram.RamClientAuthServiceImpl success.
2023-09-18 14:31:01.873 INFO  c.a.n.client.auth.ram.identify.CredentialWatcher  :165  [32m                  [0;39m null No credential found
2023-09-18 14:31:03.233 WARN  com.alibaba.nacos.client.logging.NacosLogging     :64   [32m                  [0;39m Load Logback Configuration of Nacos fail, message: org/slf4j/impl/StaticLoggerBinder
2023-09-18 14:31:03.233 WARN  com.alibaba.nacos.client.logging.NacosLogging     :64   [32m                  [0;39m Load Logback Configuration of Nacos fail, message: org/slf4j/impl/StaticLoggerBinder
2023-09-18 14:31:03.247 INFO  c.a.n.client.config.impl.LocalConfigInfoProcessor :68   [32m                  [0;39m LOCAL_SNAPSHOT_PATH:C:\Users\Administrator\nacos\config
2023-09-18 14:31:03.250 INFO  com.alibaba.nacos.common.remote.client            :94   [32m                  [0;39m [RpcClientFactory] create a new rpc client of 5cc01a3e-5336-45e2-a3a4-6a0fa41fb639_config-0
2023-09-18 14:31:03.266 INFO  com.alibaba.nacos.common.remote.client            :60   [32m                  [0;39m [5cc01a3e-5336-45e2-a3a4-6a0fa41fb639_config-0] Register server push request handler:com.alibaba.nacos.client.config.impl.ClientWorker$ConfigRpcTransportClient$$Lambda$597/0x0000000800f77280
2023-09-18 14:31:03.266 INFO  com.alibaba.nacos.common.remote.client            :60   [32m                  [0;39m [5cc01a3e-5336-45e2-a3a4-6a0fa41fb639_config-0] Register server push request handler:com.alibaba.nacos.client.config.impl.ClientWorker$ConfigRpcTransportClient$$Lambda$598/0x0000000800f776a0
2023-09-18 14:31:03.267 INFO  com.alibaba.nacos.common.remote.client            :60   [32m                  [0;39m [5cc01a3e-5336-45e2-a3a4-6a0fa41fb639_config-0] Registry connection listener to current client:com.alibaba.nacos.client.config.impl.ClientWorker$ConfigRpcTransportClient$1
2023-09-18 14:31:03.267 INFO  com.alibaba.nacos.common.remote.client            :60   [32m                  [0;39m [5cc01a3e-5336-45e2-a3a4-6a0fa41fb639_config-0] RpcClient init, ServerListFactory = com.alibaba.nacos.client.config.impl.ClientWorker$ConfigRpcTransportClient$2
2023-09-18 14:31:03.275 INFO  com.alibaba.nacos.common.remote.client            :60   [32m                  [0;39m [5cc01a3e-5336-45e2-a3a4-6a0fa41fb639_config-0] Try to connect to server on start up, server: {serverIp = '140.210.221.183', server main port = 8848}
2023-09-18 14:31:04.150 INFO  com.alibaba.nacos.common.remote.client            :60   [32m                  [0;39m [5cc01a3e-5336-45e2-a3a4-6a0fa41fb639_config-0] Success to connect to server [140.210.221.183:8848] on start up, connectionId = 1695018663920_112.96.48.83_53248
2023-09-18 14:31:04.150 INFO  com.alibaba.nacos.common.remote.client            :60   [32m                  [0;39m [5cc01a3e-5336-45e2-a3a4-6a0fa41fb639_config-0] Notify connected event to listeners.
2023-09-18 14:31:04.151 INFO  com.alibaba.nacos.common.remote.client            :60   [32m                  [0;39m [5cc01a3e-5336-45e2-a3a4-6a0fa41fb639_config-0] Register server push request handler:com.alibaba.nacos.common.remote.client.RpcClient$ConnectResetRequestHandler
2023-09-18 14:31:04.151 INFO  com.alibaba.nacos.client.config.impl.ClientWorker :638  [32m                  [0;39m [5cc01a3e-5336-45e2-a3a4-6a0fa41fb639_config-0] Connected,notify listen context...
2023-09-18 14:31:04.151 INFO  com.alibaba.nacos.common.remote.client            :60   [32m                  [0;39m [5cc01a3e-5336-45e2-a3a4-6a0fa41fb639_config-0] Register server push request handler:com.alibaba.nacos.common.remote.client.RpcClient$$Lambda$613/0x00000008010e6bf8
2023-09-18 14:31:04.183 INFO  com.alibaba.nacos.client.config.impl.Limiter      :62   [32m                  [0;39m limitTime:5.0
2023-09-18 14:31:04.241 WARN  c.a.cloud.nacos.client.NacosPropertySourceBuilder :87   [32m                  [0;39m Ignore the empty nacos configuration and get it based on dataId[batch] & group[DEFAULT_GROUP]
2023-09-18 14:31:04.286 WARN  c.a.cloud.nacos.client.NacosPropertySourceBuilder :87   [32m                  [0;39m Ignore the empty nacos configuration and get it based on dataId[batch.properties] & group[DEFAULT_GROUP]
2023-09-18 14:31:04.349 WARN  c.a.cloud.nacos.client.NacosPropertySourceBuilder :87   [32m                  [0;39m Ignore the empty nacos configuration and get it based on dataId[batch-dev.properties] & group[DEFAULT_GROUP]
2023-09-18 14:31:04.350 INFO  o.s.c.b.c.PropertySourceBootstrapConfiguration    :108  [32m                  [0;39m Located property source: [BootstrapPropertySource {name='bootstrapProperties-batch-dev.properties,DEFAULT_GROUP'}, BootstrapPropertySource {name='bootstrapProperties-batch.properties,DEFAULT_GROUP'}, BootstrapPropertySource {name='bootstrapProperties-batch,DEFAULT_GROUP'}]
2023-09-18 14:31:04.375 INFO  com.example.BatchApplication                      :636  [32m                  [0;39m The following 1 profile is active: "dev"
2023-09-18 14:31:05.151 INFO  o.s.d.r.config.RepositoryConfigurationDelegate    :294  [32m                  [0;39m Multiple Spring Data modules found, entering strict repository configuration mode
2023-09-18 14:31:05.154 INFO  o.s.d.r.config.RepositoryConfigurationDelegate    :138  [32m                  [0;39m Bootstrapping Spring Data Redis repositories in DEFAULT mode.
2023-09-18 14:31:05.175 INFO  o.s.d.r.config.RepositoryConfigurationDelegate    :208  [32m                  [0;39m Finished Spring Data repository scanning in 8 ms. Found 0 Redis repository interfaces.
2023-09-18 14:31:05.346 WARN  org.mybatis.spring.mapper.ClassPathMapperScanner  :44   [32m                  [0;39m No MyBatis mapper was found in '[com.example]' package. Please check your configuration.
2023-09-18 14:31:05.434 INFO  o.springframework.cloud.context.scope.GenericScope:282  [32m                  [0;39m BeanFactory id=279c4c4b-fce6-3708-aaee-94b8d292dbe2
2023-09-18 14:31:05.485 INFO  o.s.c.s.PostProcessorRegistrationDelegate$BeanPostProcessorChecker:409  [32m                  [0;39m Bean 'io.seata.spring.boot.autoconfigure.SeataCoreAutoConfiguration' of type [io.seata.spring.boot.autoconfigure.SeataCoreAutoConfiguration] is not eligible for getting processed by all BeanPostProcessors (for example: not eligible for auto-proxying)
2023-09-18 14:31:05.486 INFO  o.s.c.s.PostProcessorRegistrationDelegate$BeanPostProcessorChecker:409  [32m                  [0;39m Bean 'springApplicationContextProvider' of type [io.seata.spring.boot.autoconfigure.provider.SpringApplicationContextProvider] is not eligible for getting processed by all BeanPostProcessors (for example: not eligible for auto-proxying)
2023-09-18 14:31:05.486 INFO  o.s.c.s.PostProcessorRegistrationDelegate$BeanPostProcessorChecker:409  [32m                  [0;39m Bean 'io.seata.spring.boot.autoconfigure.SeataAutoConfiguration' of type [io.seata.spring.boot.autoconfigure.SeataAutoConfiguration] is not eligible for getting processed by all BeanPostProcessors (for example: not eligible for auto-proxying)
2023-09-18 14:31:05.523 INFO  o.s.c.s.PostProcessorRegistrationDelegate$BeanPostProcessorChecker:409  [32m                  [0;39m Bean 'failureHandler' of type [io.seata.tm.api.DefaultFailureHandlerImpl] is not eligible for getting processed by all BeanPostProcessors (for example: not eligible for auto-proxying)
2023-09-18 14:31:05.526 INFO  o.s.c.s.PostProcessorRegistrationDelegate$BeanPostProcessorChecker:409  [32m                  [0;39m Bean 'org.springframework.cloud.commons.config.CommonsConfigAutoConfiguration' of type [org.springframework.cloud.commons.config.CommonsConfigAutoConfiguration] is not eligible for getting processed by all BeanPostProcessors (for example: not eligible for auto-proxying)
2023-09-18 14:31:05.529 INFO  o.s.c.s.PostProcessorRegistrationDelegate$BeanPostProcessorChecker:409  [32m                  [0;39m Bean 'org.springframework.cloud.client.loadbalancer.LoadBalancerDefaultMappingsProviderAutoConfiguration' of type [org.springframework.cloud.client.loadbalancer.LoadBalancerDefaultMappingsProviderAutoConfiguration] is not eligible for getting processed by all BeanPostProcessors (for example: not eligible for auto-proxying)
2023-09-18 14:31:05.529 INFO  o.s.c.s.PostProcessorRegistrationDelegate$BeanPostProcessorChecker:409  [32m                  [0;39m Bean 'loadBalancerClientsDefaultsMappingsProvider' of type [org.springframework.cloud.client.loadbalancer.LoadBalancerDefaultMappingsProviderAutoConfiguration$$Lambda$727/0x0000000801223eb8] is not eligible for getting processed by all BeanPostProcessors (for example: not eligible for auto-proxying)
2023-09-18 14:31:05.530 INFO  o.s.c.s.PostProcessorRegistrationDelegate$BeanPostProcessorChecker:409  [32m                  [0;39m Bean 'defaultsBindHandlerAdvisor' of type [org.springframework.cloud.commons.config.DefaultsBindHandlerAdvisor] is not eligible for getting processed by all BeanPostProcessors (for example: not eligible for auto-proxying)
2023-09-18 14:31:05.533 INFO  o.s.c.s.PostProcessorRegistrationDelegate$BeanPostProcessorChecker:409  [32m                  [0;39m Bean 'springCloudAlibabaConfiguration' of type [io.seata.spring.boot.autoconfigure.properties.SpringCloudAlibabaConfiguration] is not eligible for getting processed by all BeanPostProcessors (for example: not eligible for auto-proxying)
2023-09-18 14:31:05.535 INFO  o.s.c.s.PostProcessorRegistrationDelegate$BeanPostProcessorChecker:409  [32m                  [0;39m Bean 'seataProperties' of type [io.seata.spring.boot.autoconfigure.properties.SeataProperties] is not eligible for getting processed by all BeanPostProcessors (for example: not eligible for auto-proxying)
2023-09-18 14:31:05.537 INFO  i.s.s.boot.autoconfigure.SeataAutoConfiguration   :63   [32m                  [0;39m Automatically configure Seata
2023-09-18 14:31:05.610 INFO  io.seata.config.ConfigurationFactory              :69   [32m                  [0;39m load Configuration from :Spring Configuration
2023-09-18 14:31:05.618 INFO  io.seata.config.ConfigurationFactory              :121  [32m                  [0;39m load Configuration from :Spring Configuration
2023-09-18 14:31:05.873 INFO  i.seata.spring.annotation.GlobalTransactionScanner:208  [32m                  [0;39m Initializing Global Transaction Clients ... 
2023-09-18 14:31:05.932 INFO  io.seata.core.rpc.netty.NettyClientBootstrap      :147  [32m                  [0;39m NettyClientBootstrap has started
2023-09-18 14:31:05.939 INFO  io.seata.core.rpc.netty.NettyClientChannelManager :108  [32m                  [0;39m will connect to 140.210.221.183:8091
2023-09-18 14:31:05.954 INFO  io.seata.core.rpc.netty.NettyPoolableFactory      :56   [32m                  [0;39m NettyPool create channel to transactionRole:TMROLE,address:140.210.221.183:8091,msg:< RegisterTMRequest{applicationId='batch', transactionServiceGroup='train-group'} >
2023-09-18 14:31:06.141 WARN  i.s.c.l.EnhancedServiceLoader$InnerEnhancedServiceLoader:543  [32m                  [0;39m Load [io.seata.serializer.hessian.HessianSerializer] class fail. com/caucho/hessian/io/AbstractHessianOutput
2023-09-18 14:31:06.203 INFO  io.seata.core.rpc.netty.TmNettyRemotingClient     :224  [32m                  [0;39m register TM success. client version:1.6.1, server version:1.6.1,channel:[id: 0x3b7e8b77, L:/172.20.10.5:7310 - R:/140.210.221.183:8091]
2023-09-18 14:31:06.208 INFO  io.seata.core.rpc.netty.NettyPoolableFactory      :81   [32m                  [0;39m register success, cost 88 ms, version:1.6.1,role:TMROLE,channel:[id: 0x3b7e8b77, L:/172.20.10.5:7310 - R:/140.210.221.183:8091]
2023-09-18 14:31:06.209 INFO  i.seata.spring.annotation.GlobalTransactionScanner:222  [32m                  [0;39m Transaction Manager Client is initialized. applicationId[batch] txServiceGroup[train-group]
2023-09-18 14:31:06.218 INFO  io.seata.rm.datasource.AsyncWorker                :73   [32m                  [0;39m Async Commit Buffer Limit: 10000
2023-09-18 14:31:06.219 INFO  io.seata.rm.datasource.xa.ResourceManagerXA       :59   [32m                  [0;39m ResourceManagerXA init ...
2023-09-18 14:31:06.225 INFO  io.seata.core.rpc.netty.NettyClientBootstrap      :147  [32m                  [0;39m NettyClientBootstrap has started
2023-09-18 14:31:06.226 INFO  i.seata.spring.annotation.GlobalTransactionScanner:227  [32m                  [0;39m Resource Manager is initialized. applicationId[batch] txServiceGroup[train-group]
2023-09-18 14:31:06.226 INFO  i.seata.spring.annotation.GlobalTransactionScanner:231  [32m                  [0;39m Global Transaction Clients are initialized. 
2023-09-18 14:31:06.528 INFO  o.s.c.s.PostProcessorRegistrationDelegate$BeanPostProcessorChecker:409  [32m                  [0;39m Bean 'com.alibaba.cloud.seata.feign.SeataFeignClientAutoConfiguration$FeignBeanPostProcessorConfiguration' of type [com.alibaba.cloud.seata.feign.SeataFeignClientAutoConfiguration$FeignBeanPostProcessorConfiguration] is not eligible for getting processed by all BeanPostProcessors (for example: not eligible for auto-proxying)
2023-09-18 14:31:06.531 INFO  o.s.c.s.PostProcessorRegistrationDelegate$BeanPostProcessorChecker:409  [32m                  [0;39m Bean 'seataFeignObjectWrapper' of type [com.alibaba.cloud.seata.feign.SeataFeignObjectWrapper] is not eligible for getting processed by all BeanPostProcessors (for example: not eligible for auto-proxying)
2023-09-18 14:31:07.086 INFO  o.s.boot.web.embedded.tomcat.TomcatWebServer      :114  [32m                  [0;39m Tomcat initialized with port(s): 8003 (http)
2023-09-18 14:31:07.095 INFO  org.apache.coyote.http11.Http11NioProtocol        :173  [32m                  [0;39m Initializing ProtocolHandler ["http-nio-8003"]
2023-09-18 14:31:07.096 INFO  org.apache.catalina.core.StandardService          :173  [32m                  [0;39m Starting service [Tomcat]
2023-09-18 14:31:07.096 INFO  org.apache.catalina.core.StandardEngine           :173  [32m                  [0;39m Starting Servlet engine: [Apache Tomcat/10.1.1]
2023-09-18 14:31:07.174 INFO  o.a.c.c.C.[Tomcat].[localhost].[/batch]           :173  [32m                  [0;39m Initializing Spring embedded WebApplicationContext
2023-09-18 14:31:07.174 INFO  o.s.b.w.s.c.ServletWebServerApplicationContext    :291  [32m                  [0;39m Root WebApplicationContext: initialization completed in 2756 ms
2023-09-18 14:31:07.577 WARN  o.s.b.d.autoconfigure.OptionalLiveReloadServer    :62   [32m                  [0;39m Unable to start LiveReload server
2023-09-18 14:31:07.616 INFO  o.s.cloud.openfeign.FeignClientFactoryBean        :437  [32m                  [0;39m For 'business' URL not provided. Will try picking an instance via load-balancing.
2023-09-18 14:31:07.733 INFO  com.zaxxer.hikari.HikariDataSource                :110  [32m                  [0;39m HikariPool-1 - Starting...
2023-09-18 14:31:08.315 INFO  com.zaxxer.hikari.pool.HikariPool                 :565  [32m                  [0;39m HikariPool-1 - Added connection com.mysql.cj.jdbc.ConnectionImpl@7a37425e
2023-09-18 14:31:08.317 INFO  com.zaxxer.hikari.HikariDataSource                :123  [32m                  [0;39m HikariPool-1 - Start completed.
2023-09-18 14:31:08.432 INFO  io.seata.core.rpc.netty.NettyClientChannelManager :108  [32m                  [0;39m will connect to 140.210.221.183:8091
2023-09-18 14:31:08.432 INFO  io.seata.core.rpc.netty.RmNettyRemotingClient     :276  [32m                  [0;39m RM will register :jdbc:mysql://140.210.221.183:3307/train_batch
2023-09-18 14:31:08.433 INFO  io.seata.core.rpc.netty.NettyPoolableFactory      :56   [32m                  [0;39m NettyPool create channel to transactionRole:RMROLE,address:140.210.221.183:8091,msg:< RegisterRMRequest{resourceIds='jdbc:mysql://140.210.221.183:3307/train_batch', applicationId='batch', transactionServiceGroup='train-group'} >
2023-09-18 14:31:08.525 INFO  io.seata.core.rpc.netty.RmNettyRemotingClient     :177  [32m                  [0;39m register RM success. client version:1.6.1, server version:1.6.1,channel:[id: 0x277e09f0, L:/172.20.10.5:7316 - R:/140.210.221.183:8091]
2023-09-18 14:31:08.526 INFO  io.seata.core.rpc.netty.NettyPoolableFactory      :81   [32m                  [0;39m register success, cost 58 ms, version:1.6.1,role:RMROLE,channel:[id: 0x277e09f0, L:/172.20.10.5:7316 - R:/140.210.221.183:8091]
2023-09-18 14:31:08.583 INFO  org.quartz.impl.StdSchedulerFactory               :1220 [32m                  [0;39m Using default implementation for ThreadExecutor
2023-09-18 14:31:08.593 INFO  org.quartz.core.SchedulerSignalerImpl             :61   [32m                  [0;39m Initialized Scheduler Signaller of type: class org.quartz.core.SchedulerSignalerImpl
2023-09-18 14:31:08.593 INFO  org.quartz.core.QuartzScheduler                   :229  [32m                  [0;39m Quartz Scheduler v.2.3.2 created.
2023-09-18 14:31:08.602 INFO  o.s.scheduling.quartz.LocalDataSourceJobStore     :672  [32m                  [0;39m Using db table-based data access locking (synchronization).
2023-09-18 14:31:08.604 INFO  o.s.scheduling.quartz.LocalDataSourceJobStore     :145  [32m                  [0;39m JobStoreCMT initialized.
2023-09-18 14:31:08.605 INFO  org.quartz.core.QuartzScheduler                   :294  [32m                  [0;39m Scheduler meta-data: Quartz Scheduler (v2.3.2) 'schedulerFactoryBean' with instanceId 'NON_CLUSTERED'
  Scheduler class: 'org.quartz.core.QuartzScheduler' - running locally.
  NOT STARTED.
  Currently in standby mode.
  Number of jobs executed: 0
  Using thread pool 'org.quartz.simpl.SimpleThreadPool' - with 10 threads.
  Using job-store 'org.springframework.scheduling.quartz.LocalDataSourceJobStore' - which supports persistence. and is not clustered.

2023-09-18 14:31:08.605 INFO  org.quartz.impl.StdSchedulerFactory               :1374 [32m                  [0;39m Quartz scheduler 'schedulerFactoryBean' initialized from an externally provided properties instance.
2023-09-18 14:31:08.605 INFO  org.quartz.impl.StdSchedulerFactory               :1378 [32m                  [0;39m Quartz scheduler version: 2.3.2
2023-09-18 14:31:08.605 INFO  org.quartz.core.QuartzScheduler                   :2293 [32m                  [0;39m JobFactory set to: com.example.config.MyJobFactory@6b85d53a
2023-09-18 14:31:08.985 INFO  c.alibaba.cloud.sentinel.SentinelWebMvcConfigurer :52   [32m                  [0;39m [Sentinel Starter] register SentinelWebInterceptor with urlPatterns: [/**].
2023-09-18 14:31:10.346 INFO  org.springframework.cloud.commons.util.InetUtils  :170  [32m                  [0;39m Cannot determine local hostname
2023-09-18 14:31:10.443 WARN  o.s.core.LocalVariableTableParameterNameDiscoverer:123  [32m                  [0;39m Using deprecated '-debug' fallback for parameter name resolution. Compile the affected code with '-parameters' instead or avoid its introspection: com.github.pagehelper.autoconfigure.PageHelperStandardProperties
2023-09-18 14:31:12.211 INFO  org.springframework.cloud.commons.util.InetUtils  :170  [32m                  [0;39m Cannot determine local hostname
2023-09-18 14:31:12.286 INFO  com.alibaba.nacos.client.env.SearchableProperties :197  [32m                  [0;39m properties search order:PROPERTIES->JVM->ENV->DEFAULT_SETTING
2023-09-18 14:31:12.288 INFO  c.a.n.p.auth.spi.client.ClientAuthPluginManager   :56   [32m                  [0;39m [ClientAuthPluginManager] Load ClientAuthService com.alibaba.nacos.client.auth.impl.NacosClientAuthServiceImpl success.
2023-09-18 14:31:12.288 INFO  c.a.n.p.auth.spi.client.ClientAuthPluginManager   :56   [32m                  [0;39m [ClientAuthPluginManager] Load ClientAuthService com.alibaba.nacos.client.auth.ram.RamClientAuthServiceImpl success.
2023-09-18 14:31:12.290 INFO  com.alibaba.nacos.client.config.impl.CacheData    :67   [32m                  [0;39m nacos.cache.data.init.snapshot = true 
2023-09-18 14:31:12.291 INFO  com.alibaba.nacos.client.config.impl.ClientWorker :379  [32m                  [0;39m [fixed-nutf4n-140.210.221.183_8848] [subscribe] sentinel-business-flow+DEFAULT_GROUP+nutf4n
2023-09-18 14:31:12.297 INFO  com.alibaba.nacos.client.config.impl.CacheData    :197  [32m                  [0;39m [fixed-nutf4n-140.210.221.183_8848] [add-listener] ok, tenant=nutf4n, dataId=sentinel-business-flow, group=DEFAULT_GROUP, cnt=1
2023-09-18 14:31:12.298 INFO  com.alibaba.nacos.common.remote.client            :94   [32m                  [0;39m [RpcClientFactory] create a new rpc client of b82e42f9-11eb-4529-820c-3e615e6c1a00_config-0
2023-09-18 14:31:12.298 INFO  com.alibaba.nacos.common.remote.client            :60   [32m                  [0;39m [b82e42f9-11eb-4529-820c-3e615e6c1a00_config-0] Register server push request handler:com.alibaba.nacos.client.config.impl.ClientWorker$ConfigRpcTransportClient$$Lambda$597/0x0000000800f77280
2023-09-18 14:31:12.298 INFO  com.alibaba.nacos.common.remote.client            :60   [32m                  [0;39m [b82e42f9-11eb-4529-820c-3e615e6c1a00_config-0] Register server push request handler:com.alibaba.nacos.client.config.impl.ClientWorker$ConfigRpcTransportClient$$Lambda$598/0x0000000800f776a0
2023-09-18 14:31:12.298 INFO  com.alibaba.nacos.common.remote.client            :60   [32m                  [0;39m [b82e42f9-11eb-4529-820c-3e615e6c1a00_config-0] Registry connection listener to current client:com.alibaba.nacos.client.config.impl.ClientWorker$ConfigRpcTransportClient$1
2023-09-18 14:31:12.298 INFO  com.alibaba.nacos.common.remote.client            :60   [32m                  [0;39m [b82e42f9-11eb-4529-820c-3e615e6c1a00_config-0] RpcClient init, ServerListFactory = com.alibaba.nacos.client.config.impl.ClientWorker$ConfigRpcTransportClient$2
2023-09-18 14:31:12.299 INFO  com.alibaba.nacos.common.remote.client            :60   [32m                  [0;39m [b82e42f9-11eb-4529-820c-3e615e6c1a00_config-0] Try to connect to server on start up, server: {serverIp = '140.210.221.183', server main port = 8848}
2023-09-18 14:31:12.542 INFO  com.alibaba.nacos.common.remote.client            :60   [32m                  [0;39m [b82e42f9-11eb-4529-820c-3e615e6c1a00_config-0] Success to connect to server [140.210.221.183:8848] on start up, connectionId = 1695018672363_112.96.48.83_53249
2023-09-18 14:31:12.543 INFO  com.alibaba.nacos.common.remote.client            :60   [32m                  [0;39m [b82e42f9-11eb-4529-820c-3e615e6c1a00_config-0] Register server push request handler:com.alibaba.nacos.common.remote.client.RpcClient$ConnectResetRequestHandler
2023-09-18 14:31:12.543 INFO  com.alibaba.nacos.common.remote.client            :60   [32m                  [0;39m [b82e42f9-11eb-4529-820c-3e615e6c1a00_config-0] Register server push request handler:com.alibaba.nacos.common.remote.client.RpcClient$$Lambda$613/0x00000008010e6bf8
2023-09-18 14:31:12.543 INFO  com.alibaba.nacos.common.remote.client            :60   [32m                  [0;39m [b82e42f9-11eb-4529-820c-3e615e6c1a00_config-0] Notify connected event to listeners.
2023-09-18 14:31:12.543 INFO  com.alibaba.nacos.client.config.impl.ClientWorker :638  [32m                  [0;39m [b82e42f9-11eb-4529-820c-3e615e6c1a00_config-0] Connected,notify listen context...
2023-09-18 14:31:12.594 INFO  c.a.c.s.datasource.converter.SentinelConverter    :79   [32m                  [0;39m converter can not convert rules because source is empty
2023-09-18 14:31:12.654 INFO  org.apache.coyote.http11.Http11NioProtocol        :173  [32m                  [0;39m Starting ProtocolHandler ["http-nio-8003"]
2023-09-18 14:31:12.668 INFO  o.s.boot.web.embedded.tomcat.TomcatWebServer      :226  [32m                  [0;39m Tomcat started on port(s): 8003 (http) with context path '/batch'
2023-09-18 14:31:12.671 INFO  com.alibaba.nacos.client.env.SearchableProperties :197  [32m                  [0;39m properties search order:PROPERTIES->JVM->ENV->DEFAULT_SETTING
2023-09-18 14:31:12.671 INFO  com.alibaba.nacos.client.naming                   :61   [32m                  [0;39m initializer namespace from System Property : null
2023-09-18 14:31:12.673 INFO  com.alibaba.nacos.client.naming                   :65   [32m                  [0;39m initializer namespace from System Environment :null
2023-09-18 14:31:12.673 INFO  com.alibaba.nacos.client.naming                   :72   [32m                  [0;39m initializer namespace from System Property :
2023-09-18 14:31:12.681 INFO  c.a.n.p.auth.spi.client.ClientAuthPluginManager   :56   [32m                  [0;39m [ClientAuthPluginManager] Load ClientAuthService com.alibaba.nacos.client.auth.impl.NacosClientAuthServiceImpl success.
2023-09-18 14:31:12.681 INFO  c.a.n.p.auth.spi.client.ClientAuthPluginManager   :56   [32m                  [0;39m [ClientAuthPluginManager] Load ClientAuthService com.alibaba.nacos.client.auth.ram.RamClientAuthServiceImpl success.
2023-09-18 14:31:12.683 INFO  com.alibaba.nacos.common.remote.client            :94   [32m                  [0;39m [RpcClientFactory] create a new rpc client of ec8c3c1f-0c95-4b68-962f-7d151f6920cf
2023-09-18 14:31:12.685 INFO  com.alibaba.nacos.common.remote.client            :60   [32m                  [0;39m [ec8c3c1f-0c95-4b68-962f-7d151f6920cf] RpcClient init, ServerListFactory = com.alibaba.nacos.client.naming.core.ServerListManager
2023-09-18 14:31:12.685 INFO  com.alibaba.nacos.common.remote.client            :60   [32m                  [0;39m [ec8c3c1f-0c95-4b68-962f-7d151f6920cf] Registry connection listener to current client:com.alibaba.nacos.client.naming.remote.gprc.redo.NamingGrpcRedoService
2023-09-18 14:31:12.685 INFO  com.alibaba.nacos.common.remote.client            :60   [32m                  [0;39m [ec8c3c1f-0c95-4b68-962f-7d151f6920cf] Register server push request handler:com.alibaba.nacos.client.naming.remote.gprc.NamingPushRequestHandler
2023-09-18 14:31:12.686 INFO  com.alibaba.nacos.common.remote.client            :60   [32m                  [0;39m [ec8c3c1f-0c95-4b68-962f-7d151f6920cf] Try to connect to server on start up, server: {serverIp = '140.210.221.183', server main port = 8848}
2023-09-18 14:31:12.927 INFO  com.alibaba.nacos.common.remote.client            :60   [32m                  [0;39m [ec8c3c1f-0c95-4b68-962f-7d151f6920cf] Success to connect to server [140.210.221.183:8848] on start up, connectionId = 1695018672737_112.96.48.83_20974
2023-09-18 14:31:12.927 INFO  com.alibaba.nacos.common.remote.client            :60   [32m                  [0;39m [ec8c3c1f-0c95-4b68-962f-7d151f6920cf] Register server push request handler:com.alibaba.nacos.common.remote.client.RpcClient$ConnectResetRequestHandler
2023-09-18 14:31:12.927 INFO  com.alibaba.nacos.common.remote.client            :60   [32m                  [0;39m [ec8c3c1f-0c95-4b68-962f-7d151f6920cf] Notify connected event to listeners.
2023-09-18 14:31:12.927 INFO  com.alibaba.nacos.client.naming                   :78   [32m                  [0;39m Grpc connection connect
2023-09-18 14:31:12.927 INFO  com.alibaba.nacos.common.remote.client            :60   [32m                  [0;39m [ec8c3c1f-0c95-4b68-962f-7d151f6920cf] Register server push request handler:com.alibaba.nacos.common.remote.client.RpcClient$$Lambda$613/0x00000008010e6bf8
2023-09-18 14:31:12.928 INFO  com.alibaba.nacos.client.naming                   :120  [32m                  [0;39m [REGISTER-SERVICE] public registering service batch with instance Instance{instanceId='null', ip='169.254.153.93', port=8003, weight=1.0, healthy=true, enabled=true, ephemeral=true, clusterName='DEFAULT', serviceName='null', metadata={preserved.register.source=SPRING_CLOUD}}
2023-09-18 14:31:13.110 INFO  c.a.cloud.nacos.registry.NacosServiceRegistry     :76   [32m                  [0;39m nacos registry, DEFAULT_GROUP batch 169.254.153.93:8003 register finished
2023-09-18 14:31:14.262 INFO  org.springframework.cloud.commons.util.InetUtils  :170  [32m                  [0;39m Cannot determine local hostname
2023-09-18 14:31:14.262 INFO  o.s.scheduling.quartz.SchedulerFactoryBean        :734  [32m                  [0;39m Will start Quartz Scheduler [schedulerFactoryBean] in 2 seconds
2023-09-18 14:31:14.276 INFO  com.example.BatchApplication                      :57   [32m                  [0;39m Started BatchApplication in 14.628 seconds (process running for 15.649)
2023-09-18 14:31:14.278 INFO  com.alibaba.nacos.client.config.impl.ClientWorker :379  [32m                  [0;39m [fixed-nutf4n-140.210.221.183_8848] [subscribe] batch-dev.properties+DEFAULT_GROUP+nutf4n
2023-09-18 14:31:14.279 INFO  com.alibaba.nacos.client.config.impl.CacheData    :197  [32m                  [0;39m [fixed-nutf4n-140.210.221.183_8848] [add-listener] ok, tenant=nutf4n, dataId=batch-dev.properties, group=DEFAULT_GROUP, cnt=1
2023-09-18 14:31:14.279 INFO  c.a.cloud.nacos.refresh.NacosContextRefresher     :129  [32m                  [0;39m [Nacos Config] Listening config: dataId=batch-dev.properties, group=DEFAULT_GROUP
2023-09-18 14:31:14.279 INFO  com.alibaba.nacos.client.config.impl.ClientWorker :379  [32m                  [0;39m [fixed-nutf4n-140.210.221.183_8848] [subscribe] batch+DEFAULT_GROUP+nutf4n
2023-09-18 14:31:14.279 INFO  com.alibaba.nacos.client.config.impl.CacheData    :197  [32m                  [0;39m [fixed-nutf4n-140.210.221.183_8848] [add-listener] ok, tenant=nutf4n, dataId=batch, group=DEFAULT_GROUP, cnt=1
2023-09-18 14:31:14.279 INFO  c.a.cloud.nacos.refresh.NacosContextRefresher     :129  [32m                  [0;39m [Nacos Config] Listening config: dataId=batch, group=DEFAULT_GROUP
2023-09-18 14:31:14.279 INFO  com.alibaba.nacos.client.config.impl.ClientWorker :379  [32m                  [0;39m [fixed-nutf4n-140.210.221.183_8848] [subscribe] batch.properties+DEFAULT_GROUP+nutf4n
2023-09-18 14:31:14.279 INFO  com.alibaba.nacos.client.config.impl.CacheData    :197  [32m                  [0;39m [fixed-nutf4n-140.210.221.183_8848] [add-listener] ok, tenant=nutf4n, dataId=batch.properties, group=DEFAULT_GROUP, cnt=1
2023-09-18 14:31:14.279 INFO  c.a.cloud.nacos.refresh.NacosContextRefresher     :129  [32m                  [0;39m [Nacos Config] Listening config: dataId=batch.properties, group=DEFAULT_GROUP
2023-09-18 14:31:14.280 INFO  com.example.BatchApplication                      :24   [32m                  [0;39m 启动成功！！
2023-09-18 14:31:14.280 INFO  com.example.BatchApplication                      :25   [32m                  [0;39m 测试地址: 	http://127.0.0.1:8003/batch/hello
2023-09-18 14:31:16.264 INFO  o.s.scheduling.quartz.SchedulerFactoryBean        :750  [32m                  [0;39m Starting Quartz Scheduler now, after delay of 2 seconds
2023-09-18 14:31:17.268 INFO  o.s.scheduling.quartz.LocalDataSourceJobStore     :866  [32m                  [0;39m Freed 0 triggers from 'acquired' / 'blocked' state.
2023-09-18 14:31:17.408 INFO  o.s.scheduling.quartz.LocalDataSourceJobStore     :876  [32m                  [0;39m Recovering 0 jobs that were in-progress at the time of the last shut-down.
2023-09-18 14:31:17.408 INFO  o.s.scheduling.quartz.LocalDataSourceJobStore     :889  [32m                  [0;39m Recovery complete.
2023-09-18 14:31:17.445 INFO  o.s.scheduling.quartz.LocalDataSourceJobStore     :896  [32m                  [0;39m Removed 0 'complete' triggers.
2023-09-18 14:31:17.491 INFO  o.s.scheduling.quartz.LocalDataSourceJobStore     :901  [32m                  [0;39m Removed 0 stale fired job entries.
2023-09-18 14:31:17.593 INFO  org.quartz.core.QuartzScheduler                   :547  [32m                  [0;39m Scheduler schedulerFactoryBean_$_NON_CLUSTERED started.
2023-09-18 15:06:31.204 WARN  com.zaxxer.hikari.pool.PoolBase                   :179  [32m                  [0;39m HikariPool-1 - Failed to validate connection com.mysql.cj.jdbc.ConnectionImpl@739985b0 (No operations allowed after connection closed.). Possibly consider using a shorter maxLifetime value.
2023-09-18 15:11:52.267 INFO  com.alibaba.nacos.common.remote.client            :60   [32m                  [0;39m [b82e42f9-11eb-4529-820c-3e615e6c1a00_config-0] Server healthy check fail, currentConnection = 1695018672363_112.96.48.83_53249
2023-09-18 15:11:52.267 INFO  com.alibaba.nacos.common.remote.client            :60   [32m                  [0;39m [b82e42f9-11eb-4529-820c-3e615e6c1a00_config-0] Try to reconnect to a new server, server is  not appointed, will choose a random server.
2023-09-18 15:11:52.291 INFO  com.alibaba.nacos.common.remote.client            :60   [32m                  [0;39m [5cc01a3e-5336-45e2-a3a4-6a0fa41fb639_config-0] Server healthy check fail, currentConnection = 1695018663920_112.96.48.83_53248
2023-09-18 15:11:52.291 INFO  com.alibaba.nacos.common.remote.client            :60   [32m                  [0;39m [5cc01a3e-5336-45e2-a3a4-6a0fa41fb639_config-0] Try to reconnect to a new server, server is  not appointed, will choose a random server.
2023-09-18 15:11:54.259 INFO  com.alibaba.nacos.common.remote.client            :60   [32m                  [0;39m [5cc01a3e-5336-45e2-a3a4-6a0fa41fb639_config-0] Success to connect a server [140.210.221.183:8848], connectionId = 1695021114083_112.96.48.83_20979
2023-09-18 15:11:54.259 INFO  com.alibaba.nacos.common.remote.client            :60   [32m                  [0;39m [5cc01a3e-5336-45e2-a3a4-6a0fa41fb639_config-0] Abandon prev connection, server is 140.210.221.183:8848, connectionId is 1695018663920_112.96.48.83_53248
2023-09-18 15:11:54.259 INFO  com.alibaba.nacos.common.remote.client            :580  [32m                  [0;39m Close current connection 1695018663920_112.96.48.83_53248
2023-09-18 15:11:54.262 INFO  com.alibaba.nacos.common.remote.client            :60   [32m                  [0;39m [5cc01a3e-5336-45e2-a3a4-6a0fa41fb639_config-0] Notify disconnected event to listeners
2023-09-18 15:11:54.262 INFO  com.alibaba.nacos.client.config.impl.ClientWorker :645  [32m                  [0;39m [5cc01a3e-5336-45e2-a3a4-6a0fa41fb639_config-0] DisConnected,clear listen context...
2023-09-18 15:11:54.262 INFO  com.alibaba.nacos.common.remote.client            :60   [32m                  [0;39m [5cc01a3e-5336-45e2-a3a4-6a0fa41fb639_config-0] Notify connected event to listeners.
2023-09-18 15:11:54.262 INFO  com.alibaba.nacos.client.config.impl.ClientWorker :638  [32m                  [0;39m [5cc01a3e-5336-45e2-a3a4-6a0fa41fb639_config-0] Connected,notify listen context...
2023-09-18 15:11:54.264 WARN  c.a.nacos.common.remote.client.grpc.GrpcClient    :86   [32m                  [0;39m [1695018663920_112.96.48.83_53248]Ignore error event,isRunning:true,isAbandon=true
2023-09-18 15:11:54.307 INFO  com.alibaba.nacos.common.remote.client            :60   [32m                  [0;39m [b82e42f9-11eb-4529-820c-3e615e6c1a00_config-0] Success to connect a server [140.210.221.183:8848], connectionId = 1695021114101_112.96.48.83_20978
2023-09-18 15:11:54.307 INFO  com.alibaba.nacos.common.remote.client            :60   [32m                  [0;39m [b82e42f9-11eb-4529-820c-3e615e6c1a00_config-0] Abandon prev connection, server is 140.210.221.183:8848, connectionId is 1695018672363_112.96.48.83_53249
2023-09-18 15:11:54.307 INFO  com.alibaba.nacos.common.remote.client            :580  [32m                  [0;39m Close current connection 1695018672363_112.96.48.83_53249
2023-09-18 15:11:54.308 INFO  com.alibaba.nacos.common.remote.client            :60   [32m                  [0;39m [b82e42f9-11eb-4529-820c-3e615e6c1a00_config-0] Notify disconnected event to listeners
2023-09-18 15:11:54.308 INFO  com.alibaba.nacos.client.config.impl.ClientWorker :645  [32m                  [0;39m [b82e42f9-11eb-4529-820c-3e615e6c1a00_config-0] DisConnected,clear listen context...
2023-09-18 15:11:54.308 INFO  com.alibaba.nacos.common.remote.client            :60   [32m                  [0;39m [b82e42f9-11eb-4529-820c-3e615e6c1a00_config-0] Notify connected event to listeners.
2023-09-18 15:11:54.308 INFO  com.alibaba.nacos.client.config.impl.ClientWorker :638  [32m                  [0;39m [b82e42f9-11eb-4529-820c-3e615e6c1a00_config-0] Connected,notify listen context...
2023-09-18 15:11:54.309 WARN  c.a.nacos.common.remote.client.grpc.GrpcClient    :86   [32m                  [0;39m [1695018672363_112.96.48.83_53249]Ignore error event,isRunning:true,isAbandon=true
2023-09-18 15:30:52.095 WARN  com.zaxxer.hikari.pool.PoolBase                   :179  [32m                  [0;39m HikariPool-1 - Failed to validate connection com.mysql.cj.jdbc.ConnectionImpl@59f86e45 (No operations allowed after connection closed.). Possibly consider using a shorter maxLifetime value.
2023-09-18 15:30:57.096 WARN  com.zaxxer.hikari.pool.PoolBase                   :179  [32m                  [0;39m HikariPool-1 - Failed to validate connection com.mysql.cj.jdbc.ConnectionImpl@637212a9 (No operations allowed after connection closed.). Possibly consider using a shorter maxLifetime value.
2023-09-18 15:31:02.097 WARN  com.zaxxer.hikari.pool.PoolBase                   :179  [32m                  [0;39m HikariPool-1 - Failed to validate connection com.mysql.cj.jdbc.ConnectionImpl@baa959a (No operations allowed after connection closed.). Possibly consider using a shorter maxLifetime value.
2023-09-18 15:41:31.479 INFO  o.a.c.c.C.[Tomcat].[localhost].[/batch]           :173  [32m                  [0;39m Initializing Spring DispatcherServlet 'dispatcherServlet'
2023-09-18 15:41:31.480 INFO  org.springframework.web.servlet.DispatcherServlet :525  [32m                  [0;39m Initializing Servlet 'dispatcherServlet'
2023-09-18 15:41:31.483 INFO  org.springframework.web.servlet.DispatcherServlet :547  [32m                  [0;39m Completed initialization in 3 ms
2023-09-18 15:41:31.663 INFO  com.example.aspect.LogAspect                      :48   [32m1695022891640y1c  [0;39m ------------- 开始 -------------
2023-09-18 15:41:31.664 INFO  com.example.aspect.LogAspect                      :49   [32m1695022891640y1c  [0;39m 请求地址: http://169.254.153.93:8003/batch/admin/job/query GET
2023-09-18 15:41:31.665 INFO  com.example.aspect.LogAspect                      :50   [32m1695022891640y1c  [0;39m 类名方法: com.example.controller.JobController.query
2023-09-18 15:41:31.665 INFO  com.example.aspect.LogAspect                      :51   [32m1695022891640y1c  [0;39m 远程地址: 169.254.153.93
2023-09-18 15:41:31.737 INFO  com.example.aspect.LogAspect                      :72   [32m1695022891640y1c  [0;39m 请求参数: []
2023-09-18 15:41:31.738 INFO  com.example.controller.JobController              :175  [32m1695022891640y1c  [0;39m 查看所有定时任务开始
2023-09-18 15:41:31.887 INFO  com.example.controller.JobController              :206  [32m1695022891640y1c  [0;39m 查看定时任务结束：CommonResp{success=true, message='null', content=[]}
2023-09-18 15:41:31.935 INFO  com.example.aspect.LogAspect                      :84   [32m1695022891640y1c  [0;39m 返回结果: {"content":[],"success":true}
2023-09-18 15:41:31.935 INFO  com.example.aspect.LogAspect                      :85   [32m1695022891640y1c  [0;39m ------------- 结束 耗时：274 ms -------------
2023-09-18 16:00:13.527 WARN  com.zaxxer.hikari.pool.PoolBase                   :179  [32m                  [0;39m HikariPool-1 - Failed to validate connection com.mysql.cj.jdbc.ConnectionImpl@7507c402 (No operations allowed after connection closed.). Possibly consider using a shorter maxLifetime value.
2023-09-18 16:00:17.870 WARN  com.zaxxer.hikari.pool.PoolBase                   :179  [32m                  [0;39m HikariPool-1 - Failed to validate connection com.mysql.cj.jdbc.ConnectionImpl@55daedeb (No operations allowed after connection closed.). Possibly consider using a shorter maxLifetime value.
2023-09-18 16:00:18.528 WARN  com.zaxxer.hikari.pool.PoolBase                   :179  [32m                  [0;39m HikariPool-1 - Failed to validate connection com.mysql.cj.jdbc.ConnectionImpl@66c2521b (No operations allowed after connection closed.). Possibly consider using a shorter maxLifetime value.
2023-09-18 16:00:22.708 WARN  com.zaxxer.hikari.pool.PoolBase                   :179  [32m                  [0;39m HikariPool-1 - Failed to validate connection com.mysql.cj.jdbc.ConnectionImpl@213a00f5 (No operations allowed after connection closed.). Possibly consider using a shorter maxLifetime value.
2023-09-18 16:00:22.870 WARN  com.zaxxer.hikari.pool.PoolBase                   :179  [32m                  [0;39m HikariPool-1 - Failed to validate connection com.mysql.cj.jdbc.ConnectionImpl@19e61755 (No operations allowed after connection closed.). Possibly consider using a shorter maxLifetime value.
2023-09-18 16:00:23.528 WARN  com.zaxxer.hikari.pool.PoolBase                   :179  [32m                  [0;39m HikariPool-1 - Failed to validate connection com.mysql.cj.jdbc.ConnectionImpl@7ef478af (No operations allowed after connection closed.). Possibly consider using a shorter maxLifetime value.
2023-09-18 16:30:05.158 WARN  com.zaxxer.hikari.pool.PoolBase                   :179  [32m                  [0;39m HikariPool-1 - Failed to validate connection com.mysql.cj.jdbc.ConnectionImpl@5c94023a (No operations allowed after connection closed.). Possibly consider using a shorter maxLifetime value.
2023-09-18 16:30:10.159 WARN  com.zaxxer.hikari.pool.PoolBase                   :179  [32m                  [0;39m HikariPool-1 - Failed to validate connection com.mysql.cj.jdbc.ConnectionImpl@dea2fe9 (No operations allowed after connection closed.). Possibly consider using a shorter maxLifetime value.
2023-09-18 16:30:13.525 WARN  com.zaxxer.hikari.pool.PoolBase                   :179  [32m                  [0;39m HikariPool-1 - Failed to validate connection com.mysql.cj.jdbc.ConnectionImpl@73cb44f8 (No operations allowed after connection closed.). Possibly consider using a shorter maxLifetime value.
