2023-08-28 13:09:40.795 INFO  org.hibernate.validator.internal.util.Version     :21   [32m                  [0;39m HV000001: Hibernate Validator 8.0.0.Final
2023-08-28 13:09:40.846 INFO  com.example.businessMain                            :51   [32m                  [0;39m Starting MemberMain using Java 17.0.5 with PID 9164 (E:\workplace\nutf4n12306\member\target\classes started by Administrator in E:\workplace\nutf4n12306)
2023-08-28 13:09:40.848 INFO  com.example.businessMain                            :630  [32m                  [0;39m No active profile set, falling back to 1 default profile: "default"
2023-08-28 13:09:40.903 INFO  o.s.b.d.env.DevToolsPropertyDefaultsPostProcessor :250  [32m                  [0;39m Devtools property defaults active! Set 'spring.devtools.add-properties' to 'false' to disable
2023-08-28 13:09:40.904 INFO  o.s.b.d.env.DevToolsPropertyDefaultsPostProcessor :250  [32m                  [0;39m For additional web related logging consider setting the 'logging.level.web' property to 'DEBUG'
2023-08-28 13:09:41.799 INFO  o.springframework.cloud.context.scope.GenericScope:282  [32m                  [0;39m BeanFactory id=3aa8e01c-089d-3739-ab4c-ef71a0f77518
2023-08-28 13:09:42.606 INFO  o.s.boot.web.embedded.tomcat.TomcatWebServer      :114  [32m                  [0;39m Tomcat initialized with port(s): 8001 (http)
2023-08-28 13:09:42.620 INFO  org.apache.coyote.http11.Http11NioProtocol        :173  [32m                  [0;39m Initializing ProtocolHandler ["http-nio-8001"]
2023-08-28 13:09:42.621 INFO  org.apache.catalina.core.StandardService          :173  [32m                  [0;39m Starting service [Tomcat]
2023-08-28 13:09:42.622 INFO  org.apache.catalina.core.StandardEngine           :173  [32m                  [0;39m Starting Servlet engine: [Apache Tomcat/10.1.1]
2023-08-28 13:09:42.697 INFO  o.a.c.c.C.[Tomcat].[localhost].[/member]          :173  [32m                  [0;39m Initializing Spring embedded WebApplicationContext
2023-08-28 13:09:42.699 INFO  o.s.b.w.s.c.ServletWebServerApplicationContext    :291  [32m                  [0;39m Root WebApplicationContext: initialization completed in 1792 ms
2023-08-28 13:09:43.651 WARN  o.s.core.LocalVariableTableParameterNameDiscoverer:123  [32m                  [0;39m Using deprecated '-debug' fallback for parameter name resolution. Compile the affected code with '-parameters' instead or avoid its introspection: com.github.pagehelper.autoconfigure.PageHelperStandardProperties
2023-08-28 13:09:43.833 WARN  o.s.b.d.autoconfigure.OptionalLiveReloadServer    :62   [32m                  [0;39m Unable to start LiveReload server
2023-08-28 13:09:44.107 INFO  org.apache.coyote.http11.Http11NioProtocol        :173  [32m                  [0;39m Starting ProtocolHandler ["http-nio-8001"]
2023-08-28 13:09:44.129 INFO  o.s.boot.web.embedded.tomcat.TomcatWebServer      :226  [32m                  [0;39m Tomcat started on port(s): 8001 (http) with context path '/member'
2023-08-28 13:09:44.294 INFO  com.example.businessMain                            :57   [32m                  [0;39m Started MemberMain in 4.424 seconds (process running for 5.901)
2023-08-28 13:09:44.297 INFO  com.example.businessMain                            :21   [32m                  [0;39m 启动成功！！
2023-08-28 13:09:44.297 INFO  com.example.businessMain                            :22   [32m                  [0;39m 测试地址: 	http://127.0.0.1:8001/member/hello
2023-08-28 21:34:50.818 INFO  org.hibernate.validator.internal.util.Version     :21   [32m                  [0;39m HV000001: Hibernate Validator 8.0.0.Final
2023-08-28 21:34:50.861 INFO  com.example.businessMain                            :51   [32m                  [0;39m Starting MemberMain using Java 17.0.5 with PID 28284 (E:\workplace\nutf4n12306\member\target\classes started by Administrator in E:\workplace\nutf4n12306)
2023-08-28 21:34:50.862 INFO  com.example.businessMain                            :630  [32m                  [0;39m No active profile set, falling back to 1 default profile: "default"
2023-08-28 21:34:50.906 INFO  o.s.b.d.env.DevToolsPropertyDefaultsPostProcessor :250  [32m                  [0;39m Devtools property defaults active! Set 'spring.devtools.add-properties' to 'false' to disable
2023-08-28 21:34:50.906 INFO  o.s.b.d.env.DevToolsPropertyDefaultsPostProcessor :250  [32m                  [0;39m For additional web related logging consider setting the 'logging.level.web' property to 'DEBUG'
2023-08-28 21:34:51.593 INFO  o.springframework.cloud.context.scope.GenericScope:282  [32m                  [0;39m BeanFactory id=3aa8e01c-089d-3739-ab4c-ef71a0f77518
2023-08-28 21:34:52.246 INFO  o.s.boot.web.embedded.tomcat.TomcatWebServer      :114  [32m                  [0;39m Tomcat initialized with port(s): 8001 (http)
2023-08-28 21:34:52.255 INFO  org.apache.coyote.http11.Http11NioProtocol        :173  [32m                  [0;39m Initializing ProtocolHandler ["http-nio-8001"]
2023-08-28 21:34:52.256 INFO  org.apache.catalina.core.StandardService          :173  [32m                  [0;39m Starting service [Tomcat]
2023-08-28 21:34:52.256 INFO  org.apache.catalina.core.StandardEngine           :173  [32m                  [0;39m Starting Servlet engine: [Apache Tomcat/10.1.1]
2023-08-28 21:34:52.310 INFO  o.a.c.c.C.[Tomcat].[localhost].[/member]          :173  [32m                  [0;39m Initializing Spring embedded WebApplicationContext
2023-08-28 21:34:52.310 INFO  o.s.b.w.s.c.ServletWebServerApplicationContext    :291  [32m                  [0;39m Root WebApplicationContext: initialization completed in 1403 ms
2023-08-28 21:34:52.952 WARN  o.s.core.LocalVariableTableParameterNameDiscoverer:123  [32m                  [0;39m Using deprecated '-debug' fallback for parameter name resolution. Compile the affected code with '-parameters' instead or avoid its introspection: com.github.pagehelper.autoconfigure.PageHelperStandardProperties
2023-08-28 21:34:53.121 WARN  o.s.b.d.autoconfigure.OptionalLiveReloadServer    :62   [32m                  [0;39m Unable to start LiveReload server
2023-08-28 21:34:53.312 INFO  org.apache.coyote.http11.Http11NioProtocol        :173  [32m                  [0;39m Starting ProtocolHandler ["http-nio-8001"]
2023-08-28 21:34:53.327 INFO  o.s.boot.web.embedded.tomcat.TomcatWebServer      :226  [32m                  [0;39m Tomcat started on port(s): 8001 (http) with context path '/member'
2023-08-28 21:34:53.471 INFO  com.example.businessMain                            :57   [32m                  [0;39m Started MemberMain in 3.371 seconds (process running for 4.135)
2023-08-28 21:34:53.473 INFO  com.example.businessMain                            :21   [32m                  [0;39m 启动成功！！
2023-08-28 21:34:53.474 INFO  com.example.businessMain                            :22   [32m                  [0;39m 测试地址: 	http://127.0.0.1:8001/member/hello
