2023-09-15 16:26:16.585 INFO  com.alibaba.nacos.client.env.SearchableProperties :197  [32m                  [0;39m properties search order:PROPERTIES->JVM->ENV->DEFAULT_SETTING
2023-09-15 16:26:16.591 WARN  com.alibaba.nacos.client.logging.NacosLogging     :64   [32m                  [0;39m Load Logback Configuration of Nacos fail, message: org/slf4j/impl/StaticLoggerBinder
2023-09-15 16:26:16.599 INFO  org.hibernate.validator.internal.util.Version     :21   [32m                  [0;39m HV000001: Hibernate Validator 8.0.0.Final
2023-09-15 16:26:16.696 INFO  o.s.b.d.env.DevToolsPropertyDefaultsPostProcessor :250  [32m                  [0;39m Devtools property defaults active! Set 'spring.devtools.add-properties' to 'false' to disable
2023-09-15 16:26:18.166 WARN  com.alibaba.nacos.client.logging.NacosLogging     :64   [32m                  [0;39m Load Logback Configuration of Nacos fail, message: org/slf4j/impl/StaticLoggerBinder
2023-09-15 16:26:18.179 INFO  com.example.config.gatewayMain                    :630  [32m                  [0;39m No active profile set, falling back to 1 default profile: "default"
2023-09-15 16:26:18.751 INFO  o.springframework.cloud.context.scope.GenericScope:282  [32m                  [0;39m BeanFactory id=1a3ffe0b-5dca-3d82-9047-2f3b1dad4442
2023-09-15 16:26:18.786 INFO  o.s.c.s.PostProcessorRegistrationDelegate$BeanPostProcessorChecker:409  [32m                  [0;39m Bean 'org.springframework.cloud.client.loadbalancer.reactive.LoadBalancerBeanPostProcessorAutoConfiguration' of type [org.springframework.cloud.client.loadbalancer.reactive.LoadBalancerBeanPostProcessorAutoConfiguration] is not eligible for getting processed by all BeanPostProcessors (for example: not eligible for auto-proxying)
2023-09-15 16:26:18.786 INFO  o.s.c.s.PostProcessorRegistrationDelegate$BeanPostProcessorChecker:409  [32m                  [0;39m Bean 'org.springframework.cloud.client.loadbalancer.reactive.LoadBalancerBeanPostProcessorAutoConfiguration$ReactorDeferringLoadBalancerFilterConfig' of type [org.springframework.cloud.client.loadbalancer.reactive.LoadBalancerBeanPostProcessorAutoConfiguration$ReactorDeferringLoadBalancerFilterConfig] is not eligible for getting processed by all BeanPostProcessors (for example: not eligible for auto-proxying)
2023-09-15 16:26:18.787 INFO  o.s.c.s.PostProcessorRegistrationDelegate$BeanPostProcessorChecker:409  [32m                  [0;39m Bean 'reactorDeferringLoadBalancerExchangeFilterFunction' of type [org.springframework.cloud.client.loadbalancer.reactive.DeferringLoadBalancerExchangeFilterFunction] is not eligible for getting processed by all BeanPostProcessors (for example: not eligible for auto-proxying)
2023-09-15 16:26:20.245 INFO  org.springframework.cloud.commons.util.InetUtils  :170  [32m                  [0;39m Cannot determine local hostname
2023-09-15 16:26:21.382 INFO  org.springframework.cloud.commons.util.InetUtils  :170  [32m                  [0;39m Cannot determine local hostname
2023-09-15 16:26:21.776 INFO  o.s.c.gateway.route.RouteDefinitionRouteLocator   :88   [32m                  [0;39m Loaded RoutePredicateFactory [After]
2023-09-15 16:26:21.776 INFO  o.s.c.gateway.route.RouteDefinitionRouteLocator   :88   [32m                  [0;39m Loaded RoutePredicateFactory [Before]
2023-09-15 16:26:21.777 INFO  o.s.c.gateway.route.RouteDefinitionRouteLocator   :88   [32m                  [0;39m Loaded RoutePredicateFactory [Between]
2023-09-15 16:26:21.777 INFO  o.s.c.gateway.route.RouteDefinitionRouteLocator   :88   [32m                  [0;39m Loaded RoutePredicateFactory [Cookie]
2023-09-15 16:26:21.777 INFO  o.s.c.gateway.route.RouteDefinitionRouteLocator   :88   [32m                  [0;39m Loaded RoutePredicateFactory [Header]
2023-09-15 16:26:21.777 INFO  o.s.c.gateway.route.RouteDefinitionRouteLocator   :88   [32m                  [0;39m Loaded RoutePredicateFactory [Host]
2023-09-15 16:26:21.778 INFO  o.s.c.gateway.route.RouteDefinitionRouteLocator   :88   [32m                  [0;39m Loaded RoutePredicateFactory [Method]
2023-09-15 16:26:21.778 INFO  o.s.c.gateway.route.RouteDefinitionRouteLocator   :88   [32m                  [0;39m Loaded RoutePredicateFactory [Path]
2023-09-15 16:26:21.778 INFO  o.s.c.gateway.route.RouteDefinitionRouteLocator   :88   [32m                  [0;39m Loaded RoutePredicateFactory [Query]
2023-09-15 16:26:21.778 INFO  o.s.c.gateway.route.RouteDefinitionRouteLocator   :88   [32m                  [0;39m Loaded RoutePredicateFactory [ReadBody]
2023-09-15 16:26:21.778 INFO  o.s.c.gateway.route.RouteDefinitionRouteLocator   :88   [32m                  [0;39m Loaded RoutePredicateFactory [RemoteAddr]
2023-09-15 16:26:21.778 INFO  o.s.c.gateway.route.RouteDefinitionRouteLocator   :88   [32m                  [0;39m Loaded RoutePredicateFactory [XForwardedRemoteAddr]
2023-09-15 16:26:21.778 INFO  o.s.c.gateway.route.RouteDefinitionRouteLocator   :88   [32m                  [0;39m Loaded RoutePredicateFactory [Weight]
2023-09-15 16:26:21.779 INFO  o.s.c.gateway.route.RouteDefinitionRouteLocator   :88   [32m                  [0;39m Loaded RoutePredicateFactory [CloudFoundryRouteService]
2023-09-15 16:26:23.138 INFO  org.springframework.cloud.commons.util.InetUtils  :170  [32m                  [0;39m Cannot determine local hostname
2023-09-15 16:26:23.213 INFO  o.s.b.d.autoconfigure.OptionalLiveReloadServer    :59   [32m                  [0;39m LiveReload server is running on port 35729
2023-09-15 16:26:23.243 WARN  o.s.c.l.c.LoadBalancerCacheAutoConfiguration$LoadBalancerCaffeineWarnLogger:81   [32m                  [0;39m Spring Cloud LoadBalancer is currently working with the default cache. While this cache implementation is useful for development and tests, it's recommended to use Caffeine cache in production.You can switch to using Caffeine cache, by adding it and org.springframework.cache.caffeine.CaffeineCacheManager to the classpath.
2023-09-15 16:26:23.503 INFO  o.s.boot.web.embedded.netty.NettyWebServer        :111  [32m                  [0;39m Netty started on port 9000
2023-09-15 16:26:24.681 INFO  org.springframework.cloud.commons.util.InetUtils  :170  [32m                  [0;39m Cannot determine local hostname
2023-09-15 16:26:25.925 INFO  org.springframework.cloud.commons.util.InetUtils  :170  [32m                  [0;39m Cannot determine local hostname
2023-09-15 16:26:25.929 INFO  com.alibaba.nacos.client.env.SearchableProperties :197  [32m                  [0;39m properties search order:PROPERTIES->JVM->ENV->DEFAULT_SETTING
2023-09-15 16:26:25.931 WARN  com.alibaba.nacos.client.logging.NacosLogging     :64   [32m                  [0;39m Load Logback Configuration of Nacos fail, message: org/slf4j/impl/StaticLoggerBinder
2023-09-15 16:26:25.932 INFO  com.alibaba.nacos.client.naming                   :61   [32m                  [0;39m initializer namespace from System Property : null
2023-09-15 16:26:25.933 INFO  com.alibaba.nacos.client.naming                   :65   [32m                  [0;39m initializer namespace from System Environment :null
2023-09-15 16:26:25.933 INFO  com.alibaba.nacos.client.naming                   :72   [32m                  [0;39m initializer namespace from System Property :
2023-09-15 16:26:25.955 INFO  com.alibaba.nacos.client.utils.ParamUtil          :87   [32m                  [0;39m [settings] [req-serv] nacos-server port:8848
2023-09-15 16:26:25.955 INFO  com.alibaba.nacos.client.utils.ParamUtil          :98   [32m                  [0;39m [settings] [http-client] connect timeout:1000
2023-09-15 16:26:25.956 INFO  com.alibaba.nacos.client.utils.ParamUtil          :105  [32m                  [0;39m PER_TASK_CONFIG_SIZE: 3000.0
2023-09-15 16:26:25.962 INFO  c.a.n.p.auth.spi.client.ClientAuthPluginManager   :56   [32m                  [0;39m [ClientAuthPluginManager] Load ClientAuthService com.alibaba.nacos.client.auth.impl.NacosClientAuthServiceImpl success.
2023-09-15 16:26:25.962 INFO  c.a.n.p.auth.spi.client.ClientAuthPluginManager   :56   [32m                  [0;39m [ClientAuthPluginManager] Load ClientAuthService com.alibaba.nacos.client.auth.ram.RamClientAuthServiceImpl success.
2023-09-15 16:26:25.964 INFO  c.a.n.client.auth.ram.identify.CredentialWatcher  :165  [32m                  [0;39m null No credential found
2023-09-15 16:26:25.973 INFO  com.alibaba.nacos.common.remote.client            :94   [32m                  [0;39m [RpcClientFactory] create a new rpc client of 855f24e4-9a5a-4b38-8d05-c3add57872da
2023-09-15 16:26:25.993 INFO  com.alibaba.nacos.common.remote.client            :60   [32m                  [0;39m [855f24e4-9a5a-4b38-8d05-c3add57872da] RpcClient init, ServerListFactory = com.alibaba.nacos.client.naming.core.ServerListManager
2023-09-15 16:26:25.994 INFO  com.alibaba.nacos.common.remote.client            :60   [32m                  [0;39m [855f24e4-9a5a-4b38-8d05-c3add57872da] Registry connection listener to current client:com.alibaba.nacos.client.naming.remote.gprc.redo.NamingGrpcRedoService
2023-09-15 16:26:25.994 INFO  com.alibaba.nacos.common.remote.client            :60   [32m                  [0;39m [855f24e4-9a5a-4b38-8d05-c3add57872da] Register server push request handler:com.alibaba.nacos.client.naming.remote.gprc.NamingPushRequestHandler
2023-09-15 16:26:25.997 INFO  com.alibaba.nacos.common.remote.client            :60   [32m                  [0;39m [855f24e4-9a5a-4b38-8d05-c3add57872da] Try to connect to server on start up, server: {serverIp = '140.210.221.183', server main port = 8848}
2023-09-15 16:26:27.079 INFO  com.alibaba.nacos.common.remote.client            :60   [32m                  [0;39m [855f24e4-9a5a-4b38-8d05-c3add57872da] Success to connect to server [140.210.221.183:8848] on start up, connectionId = 1694766386724_119.143.9.207_14511
2023-09-15 16:26:27.080 INFO  com.alibaba.nacos.common.remote.client            :60   [32m                  [0;39m [855f24e4-9a5a-4b38-8d05-c3add57872da] Notify connected event to listeners.
2023-09-15 16:26:27.080 INFO  com.alibaba.nacos.common.remote.client            :60   [32m                  [0;39m [855f24e4-9a5a-4b38-8d05-c3add57872da] Register server push request handler:com.alibaba.nacos.common.remote.client.RpcClient$ConnectResetRequestHandler
2023-09-15 16:26:27.080 INFO  com.alibaba.nacos.client.naming                   :78   [32m                  [0;39m Grpc connection connect
2023-09-15 16:26:27.080 INFO  com.alibaba.nacos.common.remote.client            :60   [32m                  [0;39m [855f24e4-9a5a-4b38-8d05-c3add57872da] Register server push request handler:com.alibaba.nacos.common.remote.client.RpcClient$$Lambda$947/0x00000008012b1b40
2023-09-15 16:26:27.081 INFO  com.alibaba.nacos.client.naming                   :120  [32m                  [0;39m [REGISTER-SERVICE] public registering service gateway with instance Instance{instanceId='null', ip='169.254.153.93', port=9000, weight=1.0, healthy=true, enabled=true, ephemeral=true, clusterName='DEFAULT', serviceName='null', metadata={preserved.register.source=SPRING_CLOUD}}
2023-09-15 16:26:27.161 INFO  c.a.cloud.nacos.registry.NacosServiceRegistry     :76   [32m                  [0;39m nacos registry, DEFAULT_GROUP gateway 169.254.153.93:9000 register finished
2023-09-15 16:26:27.201 INFO  com.example.config.gatewayMain                    :57   [32m                  [0;39m Started gatewayMain in 12.333 seconds (process running for 13.212)
2023-09-15 16:26:27.203 INFO  com.example.config.gatewayMain                    :22   [32m                  [0;39m å¯åŠ¨æˆåŠŸï¼ï¼
2023-09-15 16:26:27.203 INFO  com.example.config.gatewayMain                    :23   [32m                  [0;39m gatewayåœ°å€: 	http://127.0.0.1:9000{}/hello
2023-09-15 16:31:30.207 INFO  com.alibaba.nacos.common.remote.client            :60   [32m                  [0;39m [855f24e4-9a5a-4b38-8d05-c3add57872da] Server healthy check fail, currentConnection = 1694766386724_119.143.9.207_14511
2023-09-15 16:31:30.207 INFO  com.alibaba.nacos.common.remote.client            :60   [32m                  [0;39m [855f24e4-9a5a-4b38-8d05-c3add57872da] Try to reconnect to a new server, server is  not appointed, will choose a random server.
2023-09-15 16:31:33.095 INFO  com.alibaba.nacos.common.remote.client            :60   [32m                  [0;39m [855f24e4-9a5a-4b38-8d05-c3add57872da] Success to connect a server [140.210.221.183:8848], connectionId = 1694766692814_119.143.9.207_14385
2023-09-15 16:31:33.095 INFO  com.alibaba.nacos.common.remote.client            :60   [32m                  [0;39m [855f24e4-9a5a-4b38-8d05-c3add57872da] Abandon prev connection, server is 140.210.221.183:8848, connectionId is 1694766386724_119.143.9.207_14511
2023-09-15 16:31:33.095 INFO  com.alibaba.nacos.common.remote.client            :580  [32m                  [0;39m Close current connection 1694766386724_119.143.9.207_14511
2023-09-15 16:31:33.097 INFO  com.alibaba.nacos.common.remote.client            :60   [32m                  [0;39m [855f24e4-9a5a-4b38-8d05-c3add57872da] Notify disconnected event to listeners
2023-09-15 16:31:33.098 WARN  com.alibaba.nacos.client.naming                   :84   [32m                  [0;39m Grpc connection disconnect, mark to redo
2023-09-15 16:31:33.098 WARN  com.alibaba.nacos.client.naming                   :91   [32m                  [0;39m mark to redo completed
2023-09-15 16:31:33.098 INFO  com.alibaba.nacos.common.remote.client            :60   [32m                  [0;39m [855f24e4-9a5a-4b38-8d05-c3add57872da] Notify connected event to listeners.
2023-09-15 16:31:33.098 INFO  com.alibaba.nacos.client.naming                   :78   [32m                  [0;39m Grpc connection connect
2023-09-15 16:31:33.099 WARN  c.a.nacos.common.remote.client.grpc.GrpcClient    :86   [32m                  [0;39m [1694766386724_119.143.9.207_14511]Ignore error event,isRunning:true,isAbandon=true
2023-09-15 16:31:35.840 INFO  com.alibaba.nacos.client.naming                   :73   [32m                  [0;39m Redo instance operation REGISTER for DEFAULT_GROUP@@gateway
2023-09-15 16:48:20.729 INFO  com.alibaba.nacos.common.remote.client            :60   [32m                  [0;39m [855f24e4-9a5a-4b38-8d05-c3add57872da] Server healthy check fail, currentConnection = 1694766692814_119.143.9.207_14385
2023-09-15 16:48:20.729 INFO  com.alibaba.nacos.common.remote.client            :60   [32m                  [0;39m [855f24e4-9a5a-4b38-8d05-c3add57872da] Try to reconnect to a new server, server is  not appointed, will choose a random server.
2023-09-15 16:48:23.742 ERROR c.a.nacos.common.remote.client.grpc.GrpcClient    :99   [32m                  [0;39m Server check fail, please check server 140.210.221.183 ,port 9848 is available , error ={}
java.util.concurrent.TimeoutException: Waited 3000 milliseconds (plus 9 milliseconds, 760700 nanoseconds delay) for com.alibaba.nacos.shaded.io.grpc.stub.ClientCalls$GrpcFuture@1353ec84[status=PENDING, info=[GrpcFuture{clientCall=ClientCallImpl{method=MethodDescriptor{fullMethodName=Request/request, type=UNARY, idempotent=false, safe=false, sampledToLocalTracing=true, requestMarshaller=com.alibaba.nacos.shaded.io.grpc.protobuf.lite.ProtoLiteUtils$MessageMarshaller@31bf179a, responseMarshaller=com.alibaba.nacos.shaded.io.grpc.protobuf.lite.ProtoLiteUtils$MessageMarshaller@2550e8c5, schemaDescriptor=com.alibaba.nacos.api.grpc.auto.RequestGrpc$RequestMethodDescriptorSupplier@176408ca}}}]]
	at com.alibaba.nacos.shaded.com.google.common.util.concurrent.AbstractFuture.get(AbstractFuture.java:508)
	at com.alibaba.nacos.common.remote.client.grpc.GrpcClient.serverCheck(GrpcClient.java:196)
	at com.alibaba.nacos.common.remote.client.grpc.GrpcClient.connectToServer(GrpcClient.java:307)
	at com.alibaba.nacos.common.remote.client.RpcClient.reconnect(RpcClient.java:498)
	at com.alibaba.nacos.common.remote.client.RpcClient.lambda$start$2(RpcClient.java:339)
	at java.base/java.util.concurrent.Executors$RunnableAdapter.call(Executors.java:539)
	at java.base/java.util.concurrent.FutureTask.run(FutureTask.java:264)
	at java.base/java.util.concurrent.ScheduledThreadPoolExecutor$ScheduledFutureTask.run(ScheduledThreadPoolExecutor.java:304)
	at java.base/java.util.concurrent.ThreadPoolExecutor.runWorker(ThreadPoolExecutor.java:1136)
	at java.base/java.util.concurrent.ThreadPoolExecutor$Worker.run(ThreadPoolExecutor.java:635)
	at java.base/java.lang.Thread.run(Thread.java:833)
2023-09-15 16:48:26.726 INFO  com.alibaba.nacos.common.remote.client            :60   [32m                  [0;39m [855f24e4-9a5a-4b38-8d05-c3add57872da] Success to connect a server [140.210.221.183:8848], connectionId = 1694767706091_119.143.9.207_14323
2023-09-15 16:48:26.726 INFO  com.alibaba.nacos.common.remote.client            :60   [32m                  [0;39m [855f24e4-9a5a-4b38-8d05-c3add57872da] Abandon prev connection, server is 140.210.221.183:8848, connectionId is 1694766692814_119.143.9.207_14385
2023-09-15 16:48:26.726 INFO  com.alibaba.nacos.common.remote.client            :580  [32m                  [0;39m Close current connection 1694766692814_119.143.9.207_14385
2023-09-15 16:48:26.726 INFO  com.alibaba.nacos.common.remote.client            :60   [32m                  [0;39m [855f24e4-9a5a-4b38-8d05-c3add57872da] Notify disconnected event to listeners
2023-09-15 16:48:26.727 WARN  com.alibaba.nacos.client.naming                   :84   [32m                  [0;39m Grpc connection disconnect, mark to redo
2023-09-15 16:48:26.727 WARN  com.alibaba.nacos.client.naming                   :91   [32m                  [0;39m mark to redo completed
2023-09-15 16:48:26.727 INFO  com.alibaba.nacos.common.remote.client            :60   [32m                  [0;39m [855f24e4-9a5a-4b38-8d05-c3add57872da] Notify connected event to listeners.
2023-09-15 16:48:26.727 INFO  com.alibaba.nacos.client.naming                   :78   [32m                  [0;39m Grpc connection connect
2023-09-15 16:48:26.727 WARN  c.a.nacos.common.remote.client.grpc.GrpcClient    :86   [32m                  [0;39m [1694766692814_119.143.9.207_14385]Ignore error event,isRunning:true,isAbandon=true
2023-09-15 16:48:29.670 INFO  com.alibaba.nacos.client.naming                   :73   [32m                  [0;39m Redo instance operation REGISTER for DEFAULT_GROUP@@gateway
2023-09-15 18:19:35.163 INFO  com.example.config.LoginMemberFilter              :31   [32m                  [0;39m ä¸éœ€è¦ç™»å½•éªŒè¯ï¼š/member/member/send-code
2023-09-15 18:19:35.252 INFO  com.alibaba.nacos.client.naming                   :167  [32m                  [0;39m [SUBSCRIBE-SERVICE] service:member, group:DEFAULT_GROUP, clusters: 
2023-09-15 18:19:35.348 INFO  com.alibaba.nacos.client.naming                   :184  [32m                  [0;39m init new ips(1) service: DEFAULT_GROUP@@member -> [{"ip":"169.254.153.93","port":8001,"weight":1.0,"healthy":true,"enabled":true,"ephemeral":true,"clusterName":"DEFAULT","serviceName":"DEFAULT_GROUP@@member","metadata":{"preserved.register.source":"SPRING_CLOUD"},"ipDeleteTimeout":30000,"instanceHeartBeatInterval":5000,"instanceHeartBeatTimeOut":15000}]
2023-09-15 18:19:35.358 INFO  com.alibaba.nacos.client.naming                   :169  [32m                  [0;39m current ips:(1) service: DEFAULT_GROUP@@member -> [{"ip":"169.254.153.93","port":8001,"weight":1.0,"healthy":true,"enabled":true,"ephemeral":true,"clusterName":"DEFAULT","serviceName":"DEFAULT_GROUP@@member","metadata":{"preserved.register.source":"SPRING_CLOUD"},"ipDeleteTimeout":30000,"instanceHeartBeatInterval":5000,"instanceHeartBeatTimeOut":15000}]
2023-09-15 18:19:35.863 INFO  com.alibaba.nacos.common.remote.client            :60   [32m                  [0;39m [855f24e4-9a5a-4b38-8d05-c3add57872da] Receive server push request, request = NotifySubscriberRequest, requestId = 23
2023-09-15 18:19:35.864 INFO  com.alibaba.nacos.common.remote.client            :60   [32m                  [0;39m [855f24e4-9a5a-4b38-8d05-c3add57872da] Ack server push request, request = NotifySubscriberRequest, requestId = 23
2023-09-15 18:19:45.727 INFO  com.example.config.LoginMemberFilter              :31   [32m                  [0;39m ä¸éœ€è¦ç™»å½•éªŒè¯ï¼š/member/member/login
2023-09-15 18:19:58.545 INFO  com.example.config.LoginMemberFilter              :31   [32m                  [0;39m ä¸éœ€è¦ç™»å½•éªŒè¯ï¼š/member/member/send-code
2023-09-15 18:20:09.503 INFO  com.example.config.LoginMemberFilter              :31   [32m                  [0;39m ä¸éœ€è¦ç™»å½•éªŒè¯ï¼š/member/member/login
2023-09-15 18:20:16.769 INFO  com.example.config.LoginMemberFilter              :31   [32m                  [0;39m ä¸éœ€è¦ç™»å½•éªŒè¯ï¼š/member/member/login
2023-09-15 20:40:21.228 INFO  com.example.config.LoginMemberFilter              :31   [32m                  [0;39m ä¸éœ€è¦ç™»å½•éªŒè¯ï¼š/member/member/send-code
2023-09-15 20:40:24.996 INFO  com.example.config.LoginMemberFilter              :31   [32m                  [0;39m ä¸éœ€è¦ç™»å½•éªŒè¯ï¼š/member/member/send-code
2023-09-15 20:43:54.650 INFO  com.alibaba.nacos.common.remote.client            :60   [32m                  [0;39m [855f24e4-9a5a-4b38-8d05-c3add57872da] Receive server push request, request = NotifySubscriberRequest, requestId = 24
2023-09-15 20:43:54.651 INFO  com.alibaba.nacos.client.naming                   :241  [32m                  [0;39m removed ips(1) service: DEFAULT_GROUP@@member -> [{"ip":"169.254.153.93","port":8001,"weight":1.0,"healthy":true,"enabled":true,"ephemeral":true,"clusterName":"DEFAULT","serviceName":"DEFAULT_GROUP@@member","metadata":{"preserved.register.source":"SPRING_CLOUD"},"ipDeleteTimeout":30000,"instanceHeartBeatInterval":5000,"instanceHeartBeatTimeOut":15000}]
2023-09-15 20:43:54.652 INFO  com.alibaba.nacos.client.naming                   :169  [32m                  [0;39m current ips:(0) service: DEFAULT_GROUP@@member -> []
2023-09-15 20:43:54.652 INFO  com.alibaba.nacos.common.remote.client            :60   [32m                  [0;39m [855f24e4-9a5a-4b38-8d05-c3add57872da] Ack server push request, request = NotifySubscriberRequest, requestId = 24
2023-09-15 20:55:43.624 INFO  com.example.config.LoginMemberFilter              :31   [32m                  [0;39m ä¸éœ€è¦ç™»å½•éªŒè¯ï¼š/member/member/send-code
2023-09-15 20:55:43.626 WARN  o.s.cloud.loadbalancer.core.RoundRobinLoadBalancer:98   [32m                  [0;39m No servers available for service: member
2023-09-15 21:35:30.349 INFO  com.example.config.LoginMemberFilter              :31   [32m                  [0;39m ä¸éœ€è¦ç™»å½•éªŒè¯ï¼š/member/member/send-code
2023-09-15 21:35:30.351 WARN  o.s.cloud.loadbalancer.core.RoundRobinLoadBalancer:98   [32m                  [0;39m No servers available for service: member
2023-09-15 21:35:39.042 INFO  com.example.config.LoginMemberFilter              :31   [32m                  [0;39m ä¸éœ€è¦ç™»å½•éªŒè¯ï¼š/member/member/send-code
2023-09-15 21:35:39.045 WARN  o.s.cloud.loadbalancer.core.RoundRobinLoadBalancer:98   [32m                  [0;39m No servers available for service: member
2023-09-15 21:43:16.817 INFO  com.alibaba.nacos.common.remote.client            :60   [32m                  [0;39m [855f24e4-9a5a-4b38-8d05-c3add57872da] Receive server push request, request = NotifySubscriberRequest, requestId = 26
2023-09-15 21:43:16.817 INFO  com.alibaba.nacos.client.naming                   :235  [32m                  [0;39m new ips(1) service: DEFAULT_GROUP@@member -> [{"ip":"169.254.153.93","port":8001,"weight":1.0,"healthy":true,"enabled":true,"ephemeral":true,"clusterName":"DEFAULT","serviceName":"DEFAULT_GROUP@@member","metadata":{"preserved.register.source":"SPRING_CLOUD"},"ipDeleteTimeout":30000,"instanceHeartBeatInterval":5000,"instanceHeartBeatTimeOut":15000}]
2023-09-15 21:43:16.818 INFO  com.alibaba.nacos.client.naming                   :169  [32m                  [0;39m current ips:(1) service: DEFAULT_GROUP@@member -> [{"ip":"169.254.153.93","port":8001,"weight":1.0,"healthy":true,"enabled":true,"ephemeral":true,"clusterName":"DEFAULT","serviceName":"DEFAULT_GROUP@@member","metadata":{"preserved.register.source":"SPRING_CLOUD"},"ipDeleteTimeout":30000,"instanceHeartBeatInterval":5000,"instanceHeartBeatTimeOut":15000}]
2023-09-15 21:43:16.818 INFO  com.alibaba.nacos.common.remote.client            :60   [32m                  [0;39m [855f24e4-9a5a-4b38-8d05-c3add57872da] Ack server push request, request = NotifySubscriberRequest, requestId = 26
2023-09-15 21:44:38.064 INFO  com.example.config.LoginMemberFilter              :31   [32m                  [0;39m ä¸éœ€è¦ç™»å½•éªŒè¯ï¼š/member/member/send-code
2023-09-15 21:45:05.079 INFO  com.example.config.LoginMemberFilter              :31   [32m                  [0;39m ä¸éœ€è¦ç™»å½•éªŒè¯ï¼š/member/member/login
2023-09-15 21:47:27.604 INFO  com.example.config.LoginMemberFilter              :31   [32m                  [0;39m ä¸éœ€è¦ç™»å½•éªŒè¯ï¼š/member/member/send-code
2023-09-15 21:48:13.459 INFO  com.example.config.LoginMemberFilter              :31   [32m                  [0;39m ä¸éœ€è¦ç™»å½•éªŒè¯ï¼š/member/member/send-code
2023-09-15 21:48:20.772 INFO  com.example.config.LoginMemberFilter              :31   [32m                  [0;39m ä¸éœ€è¦ç™»å½•éªŒè¯ï¼š/member/member/login
2023-09-15 21:51:58.610 WARN  c.alibaba.nacos.common.http.HttpClientBeanHolder  :102  [32m                  [0;39m [HttpClientBeanHolder] Start destroying common HttpClient
2023-09-15 21:51:58.611 WARN  com.alibaba.nacos.common.notify.NotifyCenter      :136  [32m                  [0;39m [NotifyCenter] Start destroying Publisher
2023-09-15 21:51:58.611 WARN  c.alibaba.nacos.common.http.HttpClientBeanHolder  :111  [32m                  [0;39m [HttpClientBeanHolder] Destruction of the end
2023-09-15 21:51:58.611 WARN  com.alibaba.nacos.common.notify.NotifyCenter      :153  [32m                  [0;39m [NotifyCenter] Destruction of the end
2023-09-15 21:51:58.625 INFO  c.a.cloud.nacos.registry.NacosServiceRegistry     :95   [32m                  [0;39m De-registering from Nacos Server now...
2023-09-15 21:51:58.625 INFO  com.alibaba.nacos.client.naming                   :216  [32m                  [0;39m [DEREGISTER-SERVICE] public deregistering service gateway with instance: Instance{instanceId='null', ip='169.254.153.93', port=9000, weight=1.0, healthy=true, enabled=true, ephemeral=true, clusterName='DEFAULT', serviceName='null', metadata={}}
2023-09-15 21:51:58.689 INFO  c.a.cloud.nacos.registry.NacosServiceRegistry     :115  [32m                  [0;39m De-registration finished.
2023-09-15 21:51:58.690 INFO  com.alibaba.nacos.client.naming                   :256  [32m                  [0;39m com.alibaba.nacos.client.naming.cache.ServiceInfoHolder do shutdown begin
2023-09-15 21:51:58.690 INFO  com.alibaba.nacos.client.naming                   :133  [32m                  [0;39m com.alibaba.nacos.client.naming.backups.FailoverReactor do shutdown begin
2023-09-15 21:51:58.693 INFO  com.alibaba.nacos.client.naming                   :135  [32m                  [0;39m com.alibaba.nacos.client.naming.backups.FailoverReactor do shutdown stop
2023-09-15 21:51:58.694 INFO  com.alibaba.nacos.client.naming                   :258  [32m                  [0;39m com.alibaba.nacos.client.naming.cache.ServiceInfoHolder do shutdown stop
2023-09-15 21:51:58.695 INFO  com.alibaba.nacos.client.naming                   :204  [32m                  [0;39m com.alibaba.nacos.client.naming.remote.NamingClientProxyDelegate do shutdown begin
2023-09-15 21:51:58.695 INFO  com.alibaba.nacos.client.naming                   :143  [32m                  [0;39m com.alibaba.nacos.client.naming.core.ServiceInfoUpdateService do shutdown begin
2023-09-15 21:51:58.695 INFO  com.alibaba.nacos.client.naming                   :145  [32m                  [0;39m com.alibaba.nacos.client.naming.core.ServiceInfoUpdateService do shutdown stop
2023-09-15 21:51:58.695 INFO  com.alibaba.nacos.client.naming                   :194  [32m                  [0;39m com.alibaba.nacos.client.naming.core.ServerListManager do shutdown begin
2023-09-15 21:51:58.695 WARN  com.alibaba.nacos.client.naming                   :74   [32m                  [0;39m [NamingHttpClientManager] Start destroying NacosRestTemplate
2023-09-15 21:51:58.695 WARN  com.alibaba.nacos.client.naming                   :81   [32m                  [0;39m [NamingHttpClientManager] Destruction of the end
2023-09-15 21:51:58.696 INFO  com.alibaba.nacos.client.naming                   :199  [32m                  [0;39m com.alibaba.nacos.client.naming.core.ServerListManager do shutdown stop
2023-09-15 21:51:58.696 INFO  com.alibaba.nacos.client.naming                   :484  [32m                  [0;39m com.alibaba.nacos.client.naming.remote.http.NamingHttpClientProxy do shutdown begin
2023-09-15 21:51:58.696 WARN  com.alibaba.nacos.client.naming                   :74   [32m                  [0;39m [NamingHttpClientManager] Start destroying NacosRestTemplate
2023-09-15 21:51:58.696 WARN  com.alibaba.nacos.client.naming                   :81   [32m                  [0;39m [NamingHttpClientManager] Destruction of the end
2023-09-15 21:51:58.697 INFO  com.alibaba.nacos.client.naming                   :486  [32m                  [0;39m com.alibaba.nacos.client.naming.remote.http.NamingHttpClientProxy do shutdown stop
2023-09-15 21:51:58.699 INFO  com.alibaba.nacos.common.remote.client            :425  [32m                  [0;39m Shutdown rpc client, set status to shutdown
2023-09-15 21:51:58.700 INFO  com.alibaba.nacos.common.remote.client            :427  [32m                  [0;39m Shutdown client event executor java.util.concurrent.ScheduledThreadPoolExecutor@2e16f8c9[Running, pool size = 2, active threads = 2, queued tasks = 0, completed tasks = 0]
2023-09-15 21:51:58.701 INFO  com.alibaba.nacos.common.remote.client            :580  [32m                  [0;39m Close current connection 1694767706091_119.143.9.207_14323
2023-09-15 21:51:58.701 INFO  c.a.nacos.common.remote.client.grpc.GrpcClient    :140  [32m                  [0;39m Shutdown grpc executor java.util.concurrent.ThreadPoolExecutor@34e20d70[Running, pool size = 3, active threads = 0, queued tasks = 0, completed tasks = 3993]
2023-09-15 21:51:58.701 INFO  com.alibaba.nacos.client.naming                   :292  [32m                  [0;39m Shutdown grpc redo service executor java.util.concurrent.ScheduledThreadPoolExecutor@1440bc26[Running, pool size = 1, active threads = 0, queued tasks = 1, completed tasks = 6492]
2023-09-15 21:51:58.702 INFO  c.a.n.client.auth.ram.identify.CredentialWatcher  :106  [32m                  [0;39m [null] CredentialWatcher is stopped
2023-09-15 21:51:58.702 INFO  com.alibaba.nacos.common.remote.client            :60   [32m                  [0;39m [855f24e4-9a5a-4b38-8d05-c3add57872da] Notify disconnected event to listeners
2023-09-15 21:51:58.702 INFO  c.a.n.client.auth.ram.identify.CredentialService  :100  [32m                  [0;39m [null] CredentialService is freed
2023-09-15 21:51:58.702 WARN  com.alibaba.nacos.client.naming                   :84   [32m                  [0;39m Grpc connection disconnect, mark to redo
2023-09-15 21:51:58.702 WARN  com.alibaba.nacos.client.naming                   :91   [32m                  [0;39m mark to redo completed
2023-09-15 21:51:58.702 INFO  com.alibaba.nacos.client.naming                   :211  [32m                  [0;39m com.alibaba.nacos.client.naming.remote.NamingClientProxyDelegate do shutdown stop
2023-09-15 21:51:58.707 WARN  c.a.nacos.common.remote.client.grpc.GrpcClient    :86   [32m                  [0;39m [1694767706091_119.143.9.207_14323]Ignore error event,isRunning:false,isAbandon=false
2023-09-15 23:44:20.280 INFO  com.alibaba.nacos.client.env.SearchableProperties :197  [32m                  [0;39m properties search order:PROPERTIES->JVM->ENV->DEFAULT_SETTING
2023-09-15 23:44:20.284 WARN  com.alibaba.nacos.client.logging.NacosLogging     :64   [32m                  [0;39m Load Logback Configuration of Nacos fail, message: org/slf4j/impl/StaticLoggerBinder
2023-09-15 23:44:20.300 INFO  org.hibernate.validator.internal.util.Version     :21   [32m                  [0;39m HV000001: Hibernate Validator 8.0.0.Final
2023-09-15 23:44:20.379 INFO  o.s.b.d.env.DevToolsPropertyDefaultsPostProcessor :250  [32m                  [0;39m Devtools property defaults active! Set 'spring.devtools.add-properties' to 'false' to disable
2023-09-15 23:44:21.940 WARN  com.alibaba.nacos.client.logging.NacosLogging     :64   [32m                  [0;39m Load Logback Configuration of Nacos fail, message: org/slf4j/impl/StaticLoggerBinder
2023-09-15 23:44:21.952 INFO  com.example.config.gatewayMain                    :630  [32m                  [0;39m No active profile set, falling back to 1 default profile: "default"
2023-09-15 23:44:22.501 INFO  o.springframework.cloud.context.scope.GenericScope:282  [32m                  [0;39m BeanFactory id=1a3ffe0b-5dca-3d82-9047-2f3b1dad4442
2023-09-15 23:44:22.534 INFO  o.s.c.s.PostProcessorRegistrationDelegate$BeanPostProcessorChecker:409  [32m                  [0;39m Bean 'org.springframework.cloud.client.loadbalancer.reactive.LoadBalancerBeanPostProcessorAutoConfiguration' of type [org.springframework.cloud.client.loadbalancer.reactive.LoadBalancerBeanPostProcessorAutoConfiguration] is not eligible for getting processed by all BeanPostProcessors (for example: not eligible for auto-proxying)
2023-09-15 23:44:22.535 INFO  o.s.c.s.PostProcessorRegistrationDelegate$BeanPostProcessorChecker:409  [32m                  [0;39m Bean 'org.springframework.cloud.client.loadbalancer.reactive.LoadBalancerBeanPostProcessorAutoConfiguration$ReactorDeferringLoadBalancerFilterConfig' of type [org.springframework.cloud.client.loadbalancer.reactive.LoadBalancerBeanPostProcessorAutoConfiguration$ReactorDeferringLoadBalancerFilterConfig] is not eligible for getting processed by all BeanPostProcessors (for example: not eligible for auto-proxying)
2023-09-15 23:44:22.537 INFO  o.s.c.s.PostProcessorRegistrationDelegate$BeanPostProcessorChecker:409  [32m                  [0;39m Bean 'reactorDeferringLoadBalancerExchangeFilterFunction' of type [org.springframework.cloud.client.loadbalancer.reactive.DeferringLoadBalancerExchangeFilterFunction] is not eligible for getting processed by all BeanPostProcessors (for example: not eligible for auto-proxying)
2023-09-15 23:44:24.104 INFO  org.springframework.cloud.commons.util.InetUtils  :170  [32m                  [0;39m Cannot determine local hostname
2023-09-15 23:44:25.340 INFO  org.springframework.cloud.commons.util.InetUtils  :170  [32m                  [0;39m Cannot determine local hostname
2023-09-15 23:44:25.630 INFO  o.s.c.gateway.route.RouteDefinitionRouteLocator   :88   [32m                  [0;39m Loaded RoutePredicateFactory [After]
2023-09-15 23:44:25.631 INFO  o.s.c.gateway.route.RouteDefinitionRouteLocator   :88   [32m                  [0;39m Loaded RoutePredicateFactory [Before]
2023-09-15 23:44:25.631 INFO  o.s.c.gateway.route.RouteDefinitionRouteLocator   :88   [32m                  [0;39m Loaded RoutePredicateFactory [Between]
2023-09-15 23:44:25.631 INFO  o.s.c.gateway.route.RouteDefinitionRouteLocator   :88   [32m                  [0;39m Loaded RoutePredicateFactory [Cookie]
2023-09-15 23:44:25.631 INFO  o.s.c.gateway.route.RouteDefinitionRouteLocator   :88   [32m                  [0;39m Loaded RoutePredicateFactory [Header]
2023-09-15 23:44:25.631 INFO  o.s.c.gateway.route.RouteDefinitionRouteLocator   :88   [32m                  [0;39m Loaded RoutePredicateFactory [Host]
2023-09-15 23:44:25.631 INFO  o.s.c.gateway.route.RouteDefinitionRouteLocator   :88   [32m                  [0;39m Loaded RoutePredicateFactory [Method]
2023-09-15 23:44:25.632 INFO  o.s.c.gateway.route.RouteDefinitionRouteLocator   :88   [32m                  [0;39m Loaded RoutePredicateFactory [Path]
2023-09-15 23:44:25.632 INFO  o.s.c.gateway.route.RouteDefinitionRouteLocator   :88   [32m                  [0;39m Loaded RoutePredicateFactory [Query]
2023-09-15 23:44:25.632 INFO  o.s.c.gateway.route.RouteDefinitionRouteLocator   :88   [32m                  [0;39m Loaded RoutePredicateFactory [ReadBody]
2023-09-15 23:44:25.632 INFO  o.s.c.gateway.route.RouteDefinitionRouteLocator   :88   [32m                  [0;39m Loaded RoutePredicateFactory [RemoteAddr]
2023-09-15 23:44:25.632 INFO  o.s.c.gateway.route.RouteDefinitionRouteLocator   :88   [32m                  [0;39m Loaded RoutePredicateFactory [XForwardedRemoteAddr]
2023-09-15 23:44:25.632 INFO  o.s.c.gateway.route.RouteDefinitionRouteLocator   :88   [32m                  [0;39m Loaded RoutePredicateFactory [Weight]
2023-09-15 23:44:25.632 INFO  o.s.c.gateway.route.RouteDefinitionRouteLocator   :88   [32m                  [0;39m Loaded RoutePredicateFactory [CloudFoundryRouteService]
2023-09-15 23:44:26.960 INFO  org.springframework.cloud.commons.util.InetUtils  :170  [32m                  [0;39m Cannot determine local hostname
2023-09-15 23:44:27.018 INFO  o.s.b.d.autoconfigure.OptionalLiveReloadServer    :59   [32m                  [0;39m LiveReload server is running on port 35729
2023-09-15 23:44:27.042 WARN  o.s.c.l.c.LoadBalancerCacheAutoConfiguration$LoadBalancerCaffeineWarnLogger:81   [32m                  [0;39m Spring Cloud LoadBalancer is currently working with the default cache. While this cache implementation is useful for development and tests, it's recommended to use Caffeine cache in production.You can switch to using Caffeine cache, by adding it and org.springframework.cache.caffeine.CaffeineCacheManager to the classpath.
2023-09-15 23:44:27.269 INFO  o.s.boot.web.embedded.netty.NettyWebServer        :111  [32m                  [0;39m Netty started on port 9000
2023-09-15 23:44:28.517 INFO  org.springframework.cloud.commons.util.InetUtils  :170  [32m                  [0;39m Cannot determine local hostname
2023-09-15 23:44:29.655 INFO  org.springframework.cloud.commons.util.InetUtils  :170  [32m                  [0;39m Cannot determine local hostname
2023-09-15 23:44:29.659 INFO  com.alibaba.nacos.client.env.SearchableProperties :197  [32m                  [0;39m properties search order:PROPERTIES->JVM->ENV->DEFAULT_SETTING
2023-09-15 23:44:29.661 WARN  com.alibaba.nacos.client.logging.NacosLogging     :64   [32m                  [0;39m Load Logback Configuration of Nacos fail, message: org/slf4j/impl/StaticLoggerBinder
2023-09-15 23:44:29.661 INFO  com.alibaba.nacos.client.naming                   :61   [32m                  [0;39m initializer namespace from System Property : null
2023-09-15 23:44:29.661 INFO  com.alibaba.nacos.client.naming                   :65   [32m                  [0;39m initializer namespace from System Environment :null
2023-09-15 23:44:29.662 INFO  com.alibaba.nacos.client.naming                   :72   [32m                  [0;39m initializer namespace from System Property :
2023-09-15 23:44:29.682 INFO  com.alibaba.nacos.client.utils.ParamUtil          :87   [32m                  [0;39m [settings] [req-serv] nacos-server port:8848
2023-09-15 23:44:29.682 INFO  com.alibaba.nacos.client.utils.ParamUtil          :98   [32m                  [0;39m [settings] [http-client] connect timeout:1000
2023-09-15 23:44:29.683 INFO  com.alibaba.nacos.client.utils.ParamUtil          :105  [32m                  [0;39m PER_TASK_CONFIG_SIZE: 3000.0
2023-09-15 23:44:29.689 INFO  c.a.n.p.auth.spi.client.ClientAuthPluginManager   :56   [32m                  [0;39m [ClientAuthPluginManager] Load ClientAuthService com.alibaba.nacos.client.auth.impl.NacosClientAuthServiceImpl success.
2023-09-15 23:44:29.689 INFO  c.a.n.p.auth.spi.client.ClientAuthPluginManager   :56   [32m                  [0;39m [ClientAuthPluginManager] Load ClientAuthService com.alibaba.nacos.client.auth.ram.RamClientAuthServiceImpl success.
2023-09-15 23:44:29.693 INFO  c.a.n.client.auth.ram.identify.CredentialWatcher  :165  [32m                  [0;39m null No credential found
2023-09-15 23:44:29.700 INFO  com.alibaba.nacos.common.remote.client            :94   [32m                  [0;39m [RpcClientFactory] create a new rpc client of 73331132-3d39-445a-93bd-6d2b83797b66
2023-09-15 23:44:29.717 INFO  com.alibaba.nacos.common.remote.client            :60   [32m                  [0;39m [73331132-3d39-445a-93bd-6d2b83797b66] RpcClient init, ServerListFactory = com.alibaba.nacos.client.naming.core.ServerListManager
2023-09-15 23:44:29.717 INFO  com.alibaba.nacos.common.remote.client            :60   [32m                  [0;39m [73331132-3d39-445a-93bd-6d2b83797b66] Registry connection listener to current client:com.alibaba.nacos.client.naming.remote.gprc.redo.NamingGrpcRedoService
2023-09-15 23:44:29.717 INFO  com.alibaba.nacos.common.remote.client            :60   [32m                  [0;39m [73331132-3d39-445a-93bd-6d2b83797b66] Register server push request handler:com.alibaba.nacos.client.naming.remote.gprc.NamingPushRequestHandler
2023-09-15 23:44:29.720 INFO  com.alibaba.nacos.common.remote.client            :60   [32m                  [0;39m [73331132-3d39-445a-93bd-6d2b83797b66] Try to connect to server on start up, server: {serverIp = '140.210.221.183', server main port = 8848}
2023-09-15 23:44:30.638 INFO  com.alibaba.nacos.common.remote.client            :60   [32m                  [0;39m [73331132-3d39-445a-93bd-6d2b83797b66] Success to connect to server [140.210.221.183:8848] on start up, connectionId = 1694792670317_119.143.9.207_14310
2023-09-15 23:44:30.639 INFO  com.alibaba.nacos.common.remote.client            :60   [32m                  [0;39m [73331132-3d39-445a-93bd-6d2b83797b66] Notify connected event to listeners.
2023-09-15 23:44:30.639 INFO  com.alibaba.nacos.client.naming                   :78   [32m                  [0;39m Grpc connection connect
2023-09-15 23:44:30.639 INFO  com.alibaba.nacos.common.remote.client            :60   [32m                  [0;39m [73331132-3d39-445a-93bd-6d2b83797b66] Register server push request handler:com.alibaba.nacos.common.remote.client.RpcClient$ConnectResetRequestHandler
2023-09-15 23:44:30.640 INFO  com.alibaba.nacos.common.remote.client            :60   [32m                  [0;39m [73331132-3d39-445a-93bd-6d2b83797b66] Register server push request handler:com.alibaba.nacos.common.remote.client.RpcClient$$Lambda$947/0x00000008012b4ab8
2023-09-15 23:44:30.641 INFO  com.alibaba.nacos.client.naming                   :120  [32m                  [0;39m [REGISTER-SERVICE] public registering service gateway with instance Instance{instanceId='null', ip='169.254.153.93', port=9000, weight=1.0, healthy=true, enabled=true, ephemeral=true, clusterName='DEFAULT', serviceName='null', metadata={preserved.register.source=SPRING_CLOUD}}
2023-09-15 23:44:30.974 INFO  c.a.cloud.nacos.registry.NacosServiceRegistry     :76   [32m                  [0;39m nacos registry, DEFAULT_GROUP gateway 169.254.153.93:9000 register finished
2023-09-15 23:44:31.019 INFO  com.example.config.gatewayMain                    :57   [32m                  [0;39m Started gatewayMain in 12.572 seconds (process running for 13.536)
2023-09-15 23:44:31.021 INFO  com.example.config.gatewayMain                    :22   [32m                  [0;39m å¯åŠ¨æˆåŠŸï¼ï¼
2023-09-15 23:44:31.022 INFO  com.example.config.gatewayMain                    :23   [32m                  [0;39m gatewayåœ°å€: 	http://127.0.0.1:9000{}/hello
2023-09-15 23:54:12.698 INFO  com.example.config.LoginMemberFilter              :31   [32m                  [0;39m ä¸éœ€è¦ç™»å½•éªŒè¯ï¼š/member/member/login
2023-09-15 23:54:12.759 INFO  com.alibaba.nacos.client.naming                   :167  [32m                  [0;39m [SUBSCRIBE-SERVICE] service:member, group:DEFAULT_GROUP, clusters: 
2023-09-15 23:54:12.825 INFO  com.alibaba.nacos.client.naming                   :184  [32m                  [0;39m init new ips(1) service: DEFAULT_GROUP@@member -> [{"ip":"169.254.153.93","port":8001,"weight":1.0,"healthy":true,"enabled":true,"ephemeral":true,"clusterName":"DEFAULT","serviceName":"DEFAULT_GROUP@@member","metadata":{"preserved.register.source":"SPRING_CLOUD"},"instanceHeartBeatTimeOut":15000,"instanceHeartBeatInterval":5000,"ipDeleteTimeout":30000}]
2023-09-15 23:54:12.834 INFO  com.alibaba.nacos.client.naming                   :169  [32m                  [0;39m current ips:(1) service: DEFAULT_GROUP@@member -> [{"ip":"169.254.153.93","port":8001,"weight":1.0,"healthy":true,"enabled":true,"ephemeral":true,"clusterName":"DEFAULT","serviceName":"DEFAULT_GROUP@@member","metadata":{"preserved.register.source":"SPRING_CLOUD"},"instanceHeartBeatTimeOut":15000,"instanceHeartBeatInterval":5000,"ipDeleteTimeout":30000}]
2023-09-15 23:54:13.361 INFO  com.alibaba.nacos.common.remote.client            :60   [32m                  [0;39m [73331132-3d39-445a-93bd-6d2b83797b66] Receive server push request, request = NotifySubscriberRequest, requestId = 28
2023-09-15 23:54:13.362 INFO  com.alibaba.nacos.common.remote.client            :60   [32m                  [0;39m [73331132-3d39-445a-93bd-6d2b83797b66] Ack server push request, request = NotifySubscriberRequest, requestId = 28
2023-09-15 23:54:26.288 INFO  com.example.config.LoginMemberFilter              :31   [32m                  [0;39m ä¸éœ€è¦ç™»å½•éªŒè¯ï¼š/member/member/login
2023-09-15 23:54:29.949 INFO  com.example.config.LoginMemberFilter              :31   [32m                  [0;39m ä¸éœ€è¦ç™»å½•éªŒè¯ï¼š/member/member/login
2023-09-15 23:54:30.122 INFO  com.example.config.LoginMemberFilter              :31   [32m                  [0;39m ä¸éœ€è¦ç™»å½•éªŒè¯ï¼š/member/member/login
2023-09-15 23:54:30.302 INFO  com.example.config.LoginMemberFilter              :31   [32m                  [0;39m ä¸éœ€è¦ç™»å½•éªŒè¯ï¼š/member/member/login
2023-09-15 23:54:31.564 INFO  com.example.config.LoginMemberFilter              :31   [32m                  [0;39m ä¸éœ€è¦ç™»å½•éªŒè¯ï¼š/member/member/login
2023-09-15 23:54:32.689 INFO  com.example.config.LoginMemberFilter              :31   [32m                  [0;39m ä¸éœ€è¦ç™»å½•éªŒè¯ï¼š/member/member/login
2023-09-15 23:54:32.862 INFO  com.example.config.LoginMemberFilter              :31   [32m                  [0;39m ä¸éœ€è¦ç™»å½•éªŒè¯ï¼š/member/member/login
2023-09-15 23:54:33.039 INFO  com.example.config.LoginMemberFilter              :31   [32m                  [0;39m ä¸éœ€è¦ç™»å½•éªŒè¯ï¼š/member/member/login
2023-09-15 23:54:33.226 INFO  com.example.config.LoginMemberFilter              :31   [32m                  [0;39m ä¸éœ€è¦ç™»å½•éªŒè¯ï¼š/member/member/login
2023-09-15 23:54:33.396 INFO  com.example.config.LoginMemberFilter              :31   [32m                  [0;39m ä¸éœ€è¦ç™»å½•éªŒè¯ï¼š/member/member/login
2023-09-15 23:54:33.558 INFO  com.example.config.LoginMemberFilter              :31   [32m                  [0;39m ä¸éœ€è¦ç™»å½•éªŒè¯ï¼š/member/member/login
2023-09-15 23:54:33.710 INFO  com.example.config.LoginMemberFilter              :31   [32m                  [0;39m ä¸éœ€è¦ç™»å½•éªŒè¯ï¼š/member/member/login
2023-09-15 23:54:35.971 INFO  com.example.config.LoginMemberFilter              :31   [32m                  [0;39m ä¸éœ€è¦ç™»å½•éªŒè¯ï¼š/member/member/login
2023-09-15 23:54:55.053 INFO  com.example.config.LoginMemberFilter              :31   [32m                  [0;39m ä¸éœ€è¦ç™»å½•éªŒè¯ï¼š/member/member/login
2023-09-15 23:55:54.730 INFO  com.alibaba.nacos.common.remote.client            :60   [32m                  [0;39m [73331132-3d39-445a-93bd-6d2b83797b66] Receive server push request, request = NotifySubscriberRequest, requestId = 29
2023-09-15 23:55:54.731 INFO  com.alibaba.nacos.client.naming                   :241  [32m                  [0;39m removed ips(1) service: DEFAULT_GROUP@@member -> [{"ip":"169.254.153.93","port":8001,"weight":1.0,"healthy":true,"enabled":true,"ephemeral":true,"clusterName":"DEFAULT","serviceName":"DEFAULT_GROUP@@member","metadata":{"preserved.register.source":"SPRING_CLOUD"},"instanceHeartBeatTimeOut":15000,"instanceHeartBeatInterval":5000,"ipDeleteTimeout":30000}]
2023-09-15 23:55:54.731 INFO  com.alibaba.nacos.client.naming                   :169  [32m                  [0;39m current ips:(0) service: DEFAULT_GROUP@@member -> []
2023-09-15 23:55:54.732 INFO  com.alibaba.nacos.common.remote.client            :60   [32m                  [0;39m [73331132-3d39-445a-93bd-6d2b83797b66] Ack server push request, request = NotifySubscriberRequest, requestId = 29
2023-09-15 23:56:34.126 INFO  com.alibaba.nacos.common.remote.client            :60   [32m                  [0;39m [73331132-3d39-445a-93bd-6d2b83797b66] Receive server push request, request = NotifySubscriberRequest, requestId = 31
2023-09-15 23:56:34.127 INFO  com.alibaba.nacos.client.naming                   :235  [32m                  [0;39m new ips(1) service: DEFAULT_GROUP@@member -> [{"ip":"169.254.153.93","port":8001,"weight":1.0,"healthy":true,"enabled":true,"ephemeral":true,"clusterName":"DEFAULT","serviceName":"DEFAULT_GROUP@@member","metadata":{"preserved.register.source":"SPRING_CLOUD"},"instanceHeartBeatTimeOut":15000,"instanceHeartBeatInterval":5000,"ipDeleteTimeout":30000}]
2023-09-15 23:56:34.127 INFO  com.alibaba.nacos.client.naming                   :169  [32m                  [0;39m current ips:(1) service: DEFAULT_GROUP@@member -> [{"ip":"169.254.153.93","port":8001,"weight":1.0,"healthy":true,"enabled":true,"ephemeral":true,"clusterName":"DEFAULT","serviceName":"DEFAULT_GROUP@@member","metadata":{"preserved.register.source":"SPRING_CLOUD"},"instanceHeartBeatTimeOut":15000,"instanceHeartBeatInterval":5000,"ipDeleteTimeout":30000}]
2023-09-15 23:56:34.128 INFO  com.alibaba.nacos.common.remote.client            :60   [32m                  [0;39m [73331132-3d39-445a-93bd-6d2b83797b66] Ack server push request, request = NotifySubscriberRequest, requestId = 31
2023-09-15 23:57:14.233 INFO  com.example.config.LoginMemberFilter              :31   [32m                  [0;39m ä¸éœ€è¦ç™»å½•éªŒè¯ï¼š/member/member/login
2023-09-15 23:57:19.491 INFO  com.alibaba.nacos.common.remote.client            :60   [32m                  [0;39m [73331132-3d39-445a-93bd-6d2b83797b66] Receive server push request, request = NotifySubscriberRequest, requestId = 32
2023-09-15 23:57:19.492 INFO  com.alibaba.nacos.client.naming                   :241  [32m                  [0;39m removed ips(1) service: DEFAULT_GROUP@@member -> [{"ip":"169.254.153.93","port":8001,"weight":1.0,"healthy":true,"enabled":true,"ephemeral":true,"clusterName":"DEFAULT","serviceName":"DEFAULT_GROUP@@member","metadata":{"preserved.register.source":"SPRING_CLOUD"},"instanceHeartBeatTimeOut":15000,"instanceHeartBeatInterval":5000,"ipDeleteTimeout":30000}]
2023-09-15 23:57:19.492 INFO  com.alibaba.nacos.client.naming                   :169  [32m                  [0;39m current ips:(0) service: DEFAULT_GROUP@@member -> []
2023-09-15 23:57:19.493 INFO  com.alibaba.nacos.common.remote.client            :60   [32m                  [0;39m [73331132-3d39-445a-93bd-6d2b83797b66] Ack server push request, request = NotifySubscriberRequest, requestId = 32
2023-09-15 23:57:41.826 INFO  com.alibaba.nacos.common.remote.client            :60   [32m                  [0;39m [73331132-3d39-445a-93bd-6d2b83797b66] Receive server push request, request = NotifySubscriberRequest, requestId = 34
2023-09-15 23:57:41.827 INFO  com.alibaba.nacos.client.naming                   :235  [32m                  [0;39m new ips(1) service: DEFAULT_GROUP@@member -> [{"ip":"169.254.153.93","port":8001,"weight":1.0,"healthy":true,"enabled":true,"ephemeral":true,"clusterName":"DEFAULT","serviceName":"DEFAULT_GROUP@@member","metadata":{"preserved.register.source":"SPRING_CLOUD"},"instanceHeartBeatTimeOut":15000,"instanceHeartBeatInterval":5000,"ipDeleteTimeout":30000}]
2023-09-15 23:57:41.827 INFO  com.alibaba.nacos.client.naming                   :169  [32m                  [0;39m current ips:(1) service: DEFAULT_GROUP@@member -> [{"ip":"169.254.153.93","port":8001,"weight":1.0,"healthy":true,"enabled":true,"ephemeral":true,"clusterName":"DEFAULT","serviceName":"DEFAULT_GROUP@@member","metadata":{"preserved.register.source":"SPRING_CLOUD"},"instanceHeartBeatTimeOut":15000,"instanceHeartBeatInterval":5000,"ipDeleteTimeout":30000}]
2023-09-15 23:57:41.828 INFO  com.alibaba.nacos.common.remote.client            :60   [32m                  [0;39m [73331132-3d39-445a-93bd-6d2b83797b66] Ack server push request, request = NotifySubscriberRequest, requestId = 34
